#
# There is insufficient memory for the Java Runtime Environment to continue.
# Native memory allocation (malloc) failed to allocate 1048576 bytes. Error detail: AllocateHeap
# Possible reasons:
#   The system is out of physical RAM or swap space
#   This process is running with CompressedOops enabled, and the Java Heap may be blocking the growth of the native heap
# Possible solutions:
#   Reduce memory load on the system
#   Increase physical memory or swap space
#   Check if swap backing store is full
#   Decrease Java heap size (-Xmx/-Xms)
#   Decrease number of Java threads
#   Decrease Java thread stack sizes (-Xss)
#   Set larger code cache with -XX:ReservedCodeCacheSize=
#   JVM is running with Unscaled Compressed Oops mode in which the Java heap is
#     placed in the first 4GB address space. The Java Heap base address is the
#     maximum limit for the native heap growth. Please use -XX:HeapBaseMinAddress
#     to set the Java Heap base and to place the Java Heap above 4GB virtual address.
# This output file may be truncated or incomplete.
#
#  Out of Memory Error (allocation.cpp:44), pid=5604, tid=8656
#
# JRE version: OpenJDK Runtime Environment Temurin-21.0.9+10 (21.0.9+10) (build 21.0.9+10-LTS)
# Java VM: OpenJDK 64-Bit Server VM Temurin-21.0.9+10 (21.0.9+10-LTS, mixed mode, sharing, tiered, compressed oops, compressed class ptrs, parallel gc, windows-amd64)
# No core dump will be written. Minidumps are not enabled by default on client versions of Windows
#

---------------  S U M M A R Y ------------

Command Line: --add-modules=ALL-SYSTEM --add-opens=java.base/java.util=ALL-UNNAMED --add-opens=java.base/java.lang=ALL-UNNAMED --add-opens=java.base/sun.nio.fs=ALL-UNNAMED -Declipse.application=org.eclipse.jdt.ls.core.id1 -Dosgi.bundles.defaultStartLevel=4 -Declipse.product=org.eclipse.jdt.ls.core.product -Djava.import.generatesMetadataFilesAtProjectRoot=false -DDetectVMInstallationsJob.disabled=true -Dfile.encoding=utf8 -XX:+UseParallelGC -XX:GCTimeRatio=4 -XX:AdaptiveSizePolicyWeight=90 -Dsun.zip.disableMemoryMapping=true -Xmx2G -Xms100m -Xlog:disable -javaagent:c:\Users\Dell\.vscode\extensions\redhat.java-1.52.0-win32-x64\lombok\lombok-1.18.39-4050.jar -XX:+HeapDumpOnOutOfMemoryError -XX:HeapDumpPath=c:\Users\Dell\AppData\Roaming\Code\User\workspaceStorage\c98900c0ddc07eeb5bd412d356d0e836\redhat.java -Daether.dependencyCollector.impl=bf c:\Users\Dell\.vscode\extensions\redhat.java-1.52.0-win32-x64\server\plugins\org.eclipse.equinox.launcher_1.7.100.v20251111-0406.jar -configuration c:\Users\Dell\AppData\Roaming\Code\User\globalStorage\redhat.java\1.52.0\config_win -data c:\Users\Dell\AppData\Roaming\Code\User\workspaceStorage\c98900c0ddc07eeb5bd412d356d0e836\redhat.java\jdt_ws --pipe=\\.\pipe\lsp-ece4219b1d7adbe83bdbd71d36fd1df3-sock

Host: Intel(R) Core(TM) i3-4005U CPU @ 1.70GHz, 4 cores, 7G,  Windows 10 , 64 bit Build 19041 (10.0.19041.5915)
Time: Wed Feb 11 16:45:40 2026 India Standard Time elapsed time: 220.785952 seconds (0d 0h 3m 40s)

---------------  T H R E A D  ---------------

Current thread (0x0000020efb20f280):  JavaThread "Attach Listener" daemon [_thread_in_vm, id=8656, stack(0x000000d012a00000,0x000000d012b00000) (1024K)]

Stack: [0x000000d012a00000,0x000000d012b00000]
Native frames: (J=compiled Java code, j=interpreted, Vv=VM code, C=native code)
V  [jvm.dll+0x6d6e29]
V  [jvm.dll+0x8b4b76]
V  [jvm.dll+0x8b712e]
V  [jvm.dll+0x8b7813]
V  [jvm.dll+0x283d86]
V  [jvm.dll+0xc1277]
V  [jvm.dll+0x6d76d9]
V  [jvm.dll+0x133466]
V  [jvm.dll+0x3f7ea6]
V  [jvm.dll+0x85e9ad]
V  [jvm.dll+0x6d565d]
C  [ucrtbase.dll+0x21bb2]
C  [KERNEL32.DLL+0x17374]
C  [ntdll.dll+0x4cc91]


---------------  P R O C E S S  ---------------

Threads class SMR info:
_java_thread_list=0x0000020edc886590, length=42, elements={
0x0000020efb321210, 0x0000020efb2091b0, 0x0000020efb20a750, 0x0000020efb20e630,
0x0000020efb20f280, 0x0000020efb2102e0, 0x0000020efb212d40, 0x0000020efb213b70,
0x0000020efb28af50, 0x0000020eff9e4580, 0x0000020effa6f0c0, 0x0000020ed825a070,
0x0000020effc09da0, 0x0000020ed81432f0, 0x0000020ed838f2d0, 0x0000020ed898f4b0,
0x0000020ed8a3a870, 0x0000020ed8aeb580, 0x0000020ed87b8430, 0x0000020ed8e83410,
0x0000020ed8e83aa0, 0x0000020ed8e82d80, 0x0000020ed8e826f0, 0x0000020ed8abbbf0,
0x0000020ed8ab9b20, 0x0000020ed8aba1b0, 0x0000020ed8ab8770, 0x0000020ed8ab6d30,
0x0000020ed8ab66a0, 0x0000020ed8abb560, 0x0000020ed8aba840, 0x0000020ed8ab8e00,
0x0000020ed8abaed0, 0x0000020ed8ab73c0, 0x0000020ed8abc280, 0x0000020ed8abc910,
0x0000020ed8ab6010, 0x0000020ed8abd630, 0x0000020ed8ab7a50, 0x0000020ed8ab9490,
0x0000020ed95e6c00, 0x0000020ed95e5ee0
}

Java Threads: ( => current thread )
  0x0000020efb321210 JavaThread "main"                              [_thread_blocked, id=16776, stack(0x000000d012300000,0x000000d012400000) (1024K)]
  0x0000020efb2091b0 JavaThread "Reference Handler"          daemon [_thread_blocked, id=8604, stack(0x000000d012700000,0x000000d012800000) (1024K)]
  0x0000020efb20a750 JavaThread "Finalizer"                  daemon [_thread_blocked, id=11816, stack(0x000000d012800000,0x000000d012900000) (1024K)]
  0x0000020efb20e630 JavaThread "Signal Dispatcher"          daemon [_thread_blocked, id=11540, stack(0x000000d012900000,0x000000d012a00000) (1024K)]
=>0x0000020efb20f280 JavaThread "Attach Listener"            daemon [_thread_in_vm, id=8656, stack(0x000000d012a00000,0x000000d012b00000) (1024K)]
  0x0000020efb2102e0 JavaThread "Service Thread"             daemon [_thread_blocked, id=3436, stack(0x000000d012b00000,0x000000d012c00000) (1024K)]
  0x0000020efb212d40 JavaThread "Monitor Deflation Thread"   daemon [_thread_blocked, id=13032, stack(0x000000d012c00000,0x000000d012d00000) (1024K)]
  0x0000020efb213b70 JavaThread "C2 CompilerThread0"         daemon [_thread_blocked, id=8660, stack(0x000000d012d00000,0x000000d012e00000) (1024K)]
  0x0000020efb28af50 JavaThread "C1 CompilerThread0"         daemon [_thread_blocked, id=12268, stack(0x000000d012e00000,0x000000d012f00000) (1024K)]
  0x0000020eff9e4580 JavaThread "Common-Cleaner"             daemon [_thread_blocked, id=6732, stack(0x000000d012f00000,0x000000d013000000) (1024K)]
  0x0000020effa6f0c0 JavaThread "Notification Thread"        daemon [_thread_blocked, id=8260, stack(0x000000d013000000,0x000000d013100000) (1024K)]
  0x0000020ed825a070 JavaThread "Active Thread: Equinox Container: 0bae0325-e703-4e1e-ad7c-e3a2ba25c07b"        [_thread_blocked, id=16600, stack(0x000000d013400000,0x000000d013500000) (1024K)]
  0x0000020effc09da0 JavaThread "Refresh Thread: Equinox Container: 0bae0325-e703-4e1e-ad7c-e3a2ba25c07b" daemon [_thread_blocked, id=7916, stack(0x000000d013500000,0x000000d013600000) (1024K)]
  0x0000020ed81432f0 JavaThread "Framework Event Dispatcher: Equinox Container: 0bae0325-e703-4e1e-ad7c-e3a2ba25c07b" daemon [_thread_blocked, id=9192, stack(0x000000d013600000,0x000000d013700000) (1024K)]
  0x0000020ed838f2d0 JavaThread "Start Level: Equinox Container: 0bae0325-e703-4e1e-ad7c-e3a2ba25c07b" daemon [_thread_blocked, id=18660, stack(0x000000d013700000,0x000000d013800000) (1024K)]
  0x0000020ed898f4b0 JavaThread "Bundle File Closer"         daemon [_thread_blocked, id=4912, stack(0x000000d013900000,0x000000d013a00000) (1024K)]
  0x0000020ed8a3a870 JavaThread "SCR Component Actor"        daemon [_thread_blocked, id=18724, stack(0x000000d013800000,0x000000d013900000) (1024K)]
  0x0000020ed8aeb580 JavaThread "Worker-JM"                         [_thread_blocked, id=19316, stack(0x000000d013a00000,0x000000d013b00000) (1024K)]
  0x0000020ed87b8430 JavaThread "JNA Cleaner"                daemon [_thread_blocked, id=10532, stack(0x000000d013b00000,0x000000d013c00000) (1024K)]
  0x0000020ed8e83410 JavaThread "Worker-0"                          [_thread_blocked, id=8928, stack(0x000000d013c00000,0x000000d013d00000) (1024K)]
  0x0000020ed8e83aa0 JavaThread "Worker-1"                          [_thread_blocked, id=9456, stack(0x000000d013d00000,0x000000d013e00000) (1024K)]
  0x0000020ed8e82d80 JavaThread "Worker-2"                          [_thread_blocked, id=3116, stack(0x000000d013e00000,0x000000d013f00000) (1024K)]
  0x0000020ed8e826f0 JavaThread "Java indexing"              daemon [_thread_blocked, id=2884, stack(0x000000d013f00000,0x000000d014000000) (1024K)]
  0x0000020ed8abbbf0 JavaThread "Worker-3"                          [_thread_blocked, id=7452, stack(0x000000d014300000,0x000000d014400000) (1024K)]
  0x0000020ed8ab9b20 JavaThread "Worker-4"                          [_thread_blocked, id=11212, stack(0x000000d014400000,0x000000d014500000) (1024K)]
  0x0000020ed8aba1b0 JavaThread "Thread-1"                   daemon [_thread_in_native, id=16184, stack(0x000000d014500000,0x000000d014600000) (1024K)]
  0x0000020ed8ab8770 JavaThread "Thread-2"                   daemon [_thread_in_native, id=2268, stack(0x000000d014600000,0x000000d014700000) (1024K)]
  0x0000020ed8ab6d30 JavaThread "Thread-3"                   daemon [_thread_in_native, id=16864, stack(0x000000d014700000,0x000000d014800000) (1024K)]
  0x0000020ed8ab66a0 JavaThread "Thread-4"                   daemon [_thread_in_native, id=17944, stack(0x000000d014800000,0x000000d014900000) (1024K)]
  0x0000020ed8abb560 JavaThread "Thread-5"                   daemon [_thread_in_native, id=16408, stack(0x000000d014900000,0x000000d014a00000) (1024K)]
  0x0000020ed8aba840 JavaThread "pool-2-thread-1"                   [_thread_blocked, id=8552, stack(0x000000d014a00000,0x000000d014b00000) (1024K)]
  0x0000020ed8ab8e00 JavaThread "WorkspaceEventsHandler"            [_thread_blocked, id=7920, stack(0x000000d014b00000,0x000000d014c00000) (1024K)]
  0x0000020ed8abaed0 JavaThread "pool-1-thread-1"                   [_thread_blocked, id=6472, stack(0x000000d014c00000,0x000000d014d00000) (1024K)]
  0x0000020ed8ab73c0 JavaThread "ForkJoinPool.commonPool-worker-1" daemon [_thread_blocked, id=16660, stack(0x000000d014000000,0x000000d014100000) (1024K)]
  0x0000020ed8abc280 JavaThread "ForkJoinPool.commonPool-worker-2" daemon [_thread_blocked, id=3168, stack(0x000000d014d00000,0x000000d014e00000) (1024K)]
  0x0000020ed8abc910 JavaThread "ForkJoinPool.commonPool-worker-3" daemon [_thread_blocked, id=9736, stack(0x000000d014e00000,0x000000d014f00000) (1024K)]
  0x0000020ed8ab6010 JavaThread "Worker-5"                          [_thread_blocked, id=15384, stack(0x000000d014f00000,0x000000d015000000) (1024K)]
  0x0000020ed8abd630 JavaThread "Worker-6"                          [_thread_blocked, id=11872, stack(0x000000d015000000,0x000000d015100000) (1024K)]
  0x0000020ed8ab7a50 JavaThread "Worker-7"                          [_thread_blocked, id=9688, stack(0x000000d015200000,0x000000d015300000) (1024K)]
  0x0000020ed8ab9490 JavaThread "Compiler Source File Reader" daemon [_thread_blocked, id=12472, stack(0x000000d015300000,0x000000d015400000) (1024K)]
  0x0000020ed95e6c00 JavaThread "Compiler Source File Reader" daemon [_thread_blocked, id=316, stack(0x000000d015500000,0x000000d015600000) (1024K)]
  0x0000020ed95e5ee0 JavaThread "Cleaner-0"                  daemon [_thread_blocked, id=11124, stack(0x000000d012100000,0x000000d012200000) (1024K)]
Total: 42

Other Threads:
  0x0000020efb1fe5b0 VMThread "VM Thread"                           [id=8876, stack(0x000000d012600000,0x000000d012700000) (1024K)]
  0x0000020efb3897a0 WatcherThread "VM Periodic Task Thread"        [id=16240, stack(0x000000d012500000,0x000000d012600000) (1024K)]
  0x0000020efb33dd40 WorkerThread "GC Thread#0"                     [id=18328, stack(0x000000d012400000,0x000000d012500000) (1024K)]
  0x0000020ed830e150 WorkerThread "GC Thread#1"                     [id=15824, stack(0x000000d013100000,0x000000d013200000) (1024K)]
  0x0000020ed846fdd0 WorkerThread "GC Thread#2"                     [id=1520, stack(0x000000d013200000,0x000000d013300000) (1024K)]
  0x0000020ed8470170 WorkerThread "GC Thread#3"                     [id=9476, stack(0x000000d013300000,0x000000d013400000) (1024K)]
Total: 6

Threads with active compile tasks:
Total: 0

VM state: not at safepoint (normal execution)

VM Mutex/Monitor currently owned by a thread: None

Heap address: 0x0000000080000000, size: 2048 MB, Compressed Oops mode: 32-bit

CDS archive(s) mapped at: [0x0000020e93000000-0x0000020e93ba0000-0x0000020e93ba0000), size 12189696, SharedBaseAddress: 0x0000020e93000000, ArchiveRelocationMode: 1.
Compressed class space mapped at: 0x0000020e94000000-0x0000020ed4000000, reserved size: 1073741824
Narrow klass base: 0x0000020e93000000, Narrow klass shift: 0, Narrow klass range: 0x100000000

GC Precious Log:
 CardTable entry size: 512
 CPUs: 4 total, 4 available
 Memory: 8096M
 Large Page Support: Disabled
 NUMA Support: Disabled
 Compressed Oops: Enabled (32-bit)
 Alignments: Space 512K, Generation 512K, Heap 2M
 Heap Min Capacity: 100M
 Heap Initial Capacity: 100M
 Heap Max Capacity: 2G
 Pre-touch: Disabled
 Parallel Workers: 4

Heap:
 PSYoungGen      total 3584K, used 1112K [0x00000000d5580000, 0x00000000d5c00000, 0x0000000100000000)
  eden space 3072K, 33% used [0x00000000d5580000,0x00000000d567e2a0,0x00000000d5880000)
  from space 512K, 18% used [0x00000000d5b00000,0x00000000d5b18000,0x00000000d5b80000)
  to   space 512K, 0% used [0x00000000d5b80000,0x00000000d5b80000,0x00000000d5c00000)
 ParOldGen       total 251392K, used 251062K [0x0000000080000000, 0x000000008f580000, 0x00000000d5580000)
  object space 251392K, 99% used [0x0000000080000000,0x000000008f52d968,0x000000008f580000)
 Metaspace       used 74930K, committed 76608K, reserved 1179648K
  class space    used 7861K, committed 8576K, reserved 1048576K

Card table byte_map: [0x0000020efacd0000,0x0000020efb0e0000] _byte_map_base: 0x0000020efa8d0000

Marking Bits: (ParMarkBitMap*) 0x00007ffae8a22460
 Begin Bits: [0x0000020e8f000000, 0x0000020e91000000)
 End Bits:   [0x0000020e91000000, 0x0000020e93000000)

Polling page: 0x0000020ef90b0000

Metaspace:

Usage:
  Non-class:     65.50 MB used.
      Class:      7.68 MB used.
       Both:     73.17 MB used.

Virtual space:
  Non-class space:      128.00 MB reserved,      66.44 MB ( 52%) committed,  2 nodes.
      Class space:        1.00 GB reserved,       8.38 MB ( <1%) committed,  1 nodes.
             Both:        1.12 GB reserved,      74.81 MB (  6%) committed. 

Chunk freelists:
   Non-Class:  13.31 MB
       Class:  7.53 MB
        Both:  20.84 MB

MaxMetaspaceSize: unlimited
CompressedClassSpaceSize: 1.00 GB
Initial GC threshold: 21.00 MB
Current GC threshold: 97.31 MB
CDS: on
 - commit_granule_bytes: 65536.
 - commit_granule_words: 8192.
 - virtual_space_node_default_size: 8388608.
 - enlarge_chunks_in_place: 1.
 - use_allocation_guard: 0.


Internal statistics:

num_allocs_failed_limit: 11.
num_arena_births: 1398.
num_arena_deaths: 14.
num_vsnodes_births: 3.
num_vsnodes_deaths: 0.
num_space_committed: 1197.
num_space_uncommitted: 0.
num_chunks_returned_to_freelist: 25.
num_chunks_taken_from_freelist: 5025.
num_chunk_merges: 17.
num_chunk_splits: 3077.
num_chunks_enlarged: 1730.
num_inconsistent_stats: 0.

CodeHeap 'non-profiled nmethods': size=120000Kb used=11584Kb max_used=11584Kb free=108415Kb
 bounds [0x0000020e87ad0000, 0x0000020e88630000, 0x0000020e8f000000]
CodeHeap 'profiled nmethods': size=120000Kb used=31385Kb max_used=31385Kb free=88615Kb
 bounds [0x0000020e80000000, 0x0000020e81eb0000, 0x0000020e87530000]
CodeHeap 'non-nmethods': size=5760Kb used=1472Kb max_used=1556Kb free=4287Kb
 bounds [0x0000020e87530000, 0x0000020e877a0000, 0x0000020e87ad0000]
CodeCache: size=245760Kb, used=44441Kb, max_used=44525Kb, free=201317Kb
 total_blobs=13662, nmethods=12867, adapters=699, full_count=0
Compilation: enabled, stopped_count=0, restarted_count=0

Compilation events (20 events):
Event: 206.187 Thread 0x0000020efb28af50 nmethod 13719 0x0000020e8860c810 code [0x0000020e8860c9a0, 0x0000020e8860ca68]
Event: 206.934 Thread 0x0000020efb213b70 nmethod 13711 0x0000020e8860cb10 code [0x0000020e8860d4e0, 0x0000020e88614cb0]
Event: 206.935 Thread 0x0000020efb213b70 13715   !   4       org.eclipse.jdt.internal.compiler.parser.Scanner::getNextToken0 (3068 bytes)
Event: 207.098 Thread 0x0000020efb213b70 nmethod 13715 0x0000020e88619b90 code [0x0000020e8861a480, 0x0000020e8861c490]
Event: 207.099 Thread 0x0000020efb213b70 13714       4       org.eclipse.jdt.internal.compiler.util.HashtableOfModule::get (68 bytes)
Event: 207.108 Thread 0x0000020efb213b70 nmethod 13714 0x0000020e8861d910 code [0x0000020e8861dae0, 0x0000020e8861e0c8]
Event: 207.329 Thread 0x0000020efb28af50 13720       3       org.eclipse.jface.text.TreeLineTracker::offsetByLine (97 bytes)
Event: 207.330 Thread 0x0000020efb28af50 nmethod 13720 0x0000020e81ea4e10 code [0x0000020e81ea5000, 0x0000020e81ea53b8]
Event: 207.331 Thread 0x0000020efb213b70 13721       4       jdk.internal.jrtfs.JrtPath::hashCode (8 bytes)
Event: 207.334 Thread 0x0000020efb213b70 nmethod 13721 0x0000020e8861e310 code [0x0000020e8861e4e0, 0x0000020e8861e838]
Event: 207.375 Thread 0x0000020efb213b70 13722       4       java.util.concurrent.locks.ReentrantReadWriteLock$ReadLock::unlock (10 bytes)
Event: 207.383 Thread 0x0000020efb213b70 nmethod 13722 0x0000020e8861e990 code [0x0000020e8861eb80, 0x0000020e8861eec0]
Event: 207.512 Thread 0x0000020efb28af50 13723       3       org.eclipse.jdt.ls.core.internal.corrections.InnovationContext::getASTRoot (24 bytes)
Event: 207.512 Thread 0x0000020efb28af50 nmethod 13723 0x0000020e81ea5590 code [0x0000020e81ea5740, 0x0000020e81ea58e8]
Event: 215.172 Thread 0x0000020efb28af50 13724   !   3       org.eclipse.jdt.internal.compiler.parser.Scanner::getNextChar (71 bytes)
Event: 215.172 Thread 0x0000020efb28af50 nmethod 13724 0x0000020e81ea5990 code [0x0000020e81ea5b60, 0x0000020e81ea5f50]
Event: 216.821 Thread 0x0000020efb213b70 13725 % !   4       java.io.InputStream::read @ 37 (81 bytes)
Event: 216.821 Thread 0x0000020efb28af50 13726       3       org.eclipse.core.runtime.NullProgressMonitor::done (1 bytes)
Event: 216.822 Thread 0x0000020efb28af50 nmethod 13726 0x0000020e81ea6110 code [0x0000020e81ea62a0, 0x0000020e81ea63a8]
Event: 216.839 Thread 0x0000020efb213b70 nmethod 13725% 0x0000020e8861f210 code [0x0000020e8861f480, 0x0000020e8861fce8]

GC Heap History (20 events):
Event: 202.482 GC heap before
{Heap before GC invocations=319 (full 3):
 PSYoungGen      total 4096K, used 3476K [0x00000000d5580000, 0x00000000d5c00000, 0x0000000100000000)
  eden space 3072K, 100% used [0x00000000d5580000,0x00000000d5880000,0x00000000d5880000)
  from space 1024K, 39% used [0x00000000d5a80000,0x00000000d5ae5200,0x00000000d5b80000)
  to   space 512K, 0% used [0x00000000d5b80000,0x00000000d5b80000,0x00000000d5c00000)
 ParOldGen       total 250368K, used 249944K [0x0000000080000000, 0x000000008f480000, 0x00000000d5580000)
  object space 250368K, 99% used [0x0000000080000000,0x000000008f416348,0x000000008f480000)
 Metaspace       used 74178K, committed 75904K, reserved 1179648K
  class space    used 7785K, committed 8512K, reserved 1048576K
}
Event: 202.485 GC heap after
{Heap after GC invocations=319 (full 3):
 PSYoungGen      total 3584K, used 244K [0x00000000d5580000, 0x00000000d5c00000, 0x0000000100000000)
  eden space 3072K, 0% used [0x00000000d5580000,0x00000000d5580000,0x00000000d5880000)
  from space 512K, 47% used [0x00000000d5b80000,0x00000000d5bbd200,0x00000000d5c00000)
  to   space 512K, 0% used [0x00000000d5b00000,0x00000000d5b00000,0x00000000d5b80000)
 ParOldGen       total 250368K, used 249952K [0x0000000080000000, 0x000000008f480000, 0x00000000d5580000)
  object space 250368K, 99% used [0x0000000080000000,0x000000008f418348,0x000000008f480000)
 Metaspace       used 74178K, committed 75904K, reserved 1179648K
  class space    used 7785K, committed 8512K, reserved 1048576K
}
Event: 203.181 GC heap before
{Heap before GC invocations=320 (full 3):
 PSYoungGen      total 3584K, used 3292K [0x00000000d5580000, 0x00000000d5c00000, 0x0000000100000000)
  eden space 3072K, 99% used [0x00000000d5580000,0x00000000d587a188,0x00000000d5880000)
  from space 512K, 47% used [0x00000000d5b80000,0x00000000d5bbd200,0x00000000d5c00000)
  to   space 512K, 0% used [0x00000000d5b00000,0x00000000d5b00000,0x00000000d5b80000)
 ParOldGen       total 250368K, used 249952K [0x0000000080000000, 0x000000008f480000, 0x00000000d5580000)
  object space 250368K, 99% used [0x0000000080000000,0x000000008f418348,0x000000008f480000)
 Metaspace       used 74281K, committed 75968K, reserved 1179648K
  class space    used 7793K, committed 8512K, reserved 1048576K
}
Event: 203.186 GC heap after
{Heap after GC invocations=320 (full 3):
 PSYoungGen      total 3584K, used 247K [0x00000000d5580000, 0x00000000d5c00000, 0x0000000100000000)
  eden space 3072K, 0% used [0x00000000d5580000,0x00000000d5580000,0x00000000d5880000)
  from space 512K, 48% used [0x00000000d5b00000,0x00000000d5b3dd58,0x00000000d5b80000)
  to   space 512K, 0% used [0x00000000d5b80000,0x00000000d5b80000,0x00000000d5c00000)
 ParOldGen       total 250368K, used 250072K [0x0000000080000000, 0x000000008f480000, 0x00000000d5580000)
  object space 250368K, 99% used [0x0000000080000000,0x000000008f436348,0x000000008f480000)
 Metaspace       used 74281K, committed 75968K, reserved 1179648K
  class space    used 7793K, committed 8512K, reserved 1048576K
}
Event: 203.313 GC heap before
{Heap before GC invocations=321 (full 3):
 PSYoungGen      total 3584K, used 3319K [0x00000000d5580000, 0x00000000d5c00000, 0x0000000100000000)
  eden space 3072K, 100% used [0x00000000d5580000,0x00000000d5880000,0x00000000d5880000)
  from space 512K, 48% used [0x00000000d5b00000,0x00000000d5b3dd58,0x00000000d5b80000)
  to   space 512K, 0% used [0x00000000d5b80000,0x00000000d5b80000,0x00000000d5c00000)
 ParOldGen       total 250368K, used 250072K [0x0000000080000000, 0x000000008f480000, 0x00000000d5580000)
  object space 250368K, 99% used [0x0000000080000000,0x000000008f436348,0x000000008f480000)
 Metaspace       used 74613K, committed 76352K, reserved 1179648K
  class space    used 7836K, committed 8576K, reserved 1048576K
}
Event: 203.316 GC heap after
{Heap after GC invocations=321 (full 3):
 PSYoungGen      total 3584K, used 192K [0x00000000d5580000, 0x00000000d5c00000, 0x0000000100000000)
  eden space 3072K, 0% used [0x00000000d5580000,0x00000000d5580000,0x00000000d5880000)
  from space 512K, 37% used [0x00000000d5b80000,0x00000000d5bb0000,0x00000000d5c00000)
  to   space 512K, 0% used [0x00000000d5b00000,0x00000000d5b00000,0x00000000d5b80000)
 ParOldGen       total 250368K, used 250197K [0x0000000080000000, 0x000000008f480000, 0x00000000d5580000)
  object space 250368K, 99% used [0x0000000080000000,0x000000008f455558,0x000000008f480000)
 Metaspace       used 74613K, committed 76352K, reserved 1179648K
  class space    used 7836K, committed 8576K, reserved 1048576K
}
Event: 203.363 GC heap before
{Heap before GC invocations=322 (full 3):
 PSYoungGen      total 3584K, used 3264K [0x00000000d5580000, 0x00000000d5c00000, 0x0000000100000000)
  eden space 3072K, 100% used [0x00000000d5580000,0x00000000d5880000,0x00000000d5880000)
  from space 512K, 37% used [0x00000000d5b80000,0x00000000d5bb0000,0x00000000d5c00000)
  to   space 512K, 0% used [0x00000000d5b00000,0x00000000d5b00000,0x00000000d5b80000)
 ParOldGen       total 250368K, used 250197K [0x0000000080000000, 0x000000008f480000, 0x00000000d5580000)
  object space 250368K, 99% used [0x0000000080000000,0x000000008f455558,0x000000008f480000)
 Metaspace       used 74667K, committed 76416K, reserved 1179648K
  class space    used 7842K, committed 8576K, reserved 1048576K
}
Event: 203.367 GC heap after
{Heap after GC invocations=322 (full 3):
 PSYoungGen      total 3584K, used 490K [0x00000000d5580000, 0x00000000d5c00000, 0x0000000100000000)
  eden space 3072K, 0% used [0x00000000d5580000,0x00000000d5580000,0x00000000d5880000)
  from space 512K, 95% used [0x00000000d5b00000,0x00000000d5b7a910,0x00000000d5b80000)
  to   space 512K, 0% used [0x00000000d5b80000,0x00000000d5b80000,0x00000000d5c00000)
 ParOldGen       total 250368K, used 250309K [0x0000000080000000, 0x000000008f480000, 0x00000000d5580000)
  object space 250368K, 99% used [0x0000000080000000,0x000000008f471558,0x000000008f480000)
 Metaspace       used 74667K, committed 76416K, reserved 1179648K
  class space    used 7842K, committed 8576K, reserved 1048576K
}
Event: 204.148 GC heap before
{Heap before GC invocations=323 (full 3):
 PSYoungGen      total 3584K, used 3562K [0x00000000d5580000, 0x00000000d5c00000, 0x0000000100000000)
  eden space 3072K, 99% used [0x00000000d5580000,0x00000000d587fff0,0x00000000d5880000)
  from space 512K, 95% used [0x00000000d5b00000,0x00000000d5b7a910,0x00000000d5b80000)
  to   space 512K, 0% used [0x00000000d5b80000,0x00000000d5b80000,0x00000000d5c00000)
 ParOldGen       total 250368K, used 250309K [0x0000000080000000, 0x000000008f480000, 0x00000000d5580000)
  object space 250368K, 99% used [0x0000000080000000,0x000000008f471558,0x000000008f480000)
 Metaspace       used 74671K, committed 76416K, reserved 1179648K
  class space    used 7842K, committed 8576K, reserved 1048576K
}
Event: 204.150 GC heap after
{Heap after GC invocations=323 (full 3):
 PSYoungGen      total 3584K, used 436K [0x00000000d5580000, 0x00000000d5c00000, 0x0000000100000000)
  eden space 3072K, 0% used [0x00000000d5580000,0x00000000d5580000,0x00000000d5880000)
  from space 512K, 85% used [0x00000000d5b80000,0x00000000d5bed200,0x00000000d5c00000)
  to   space 512K, 0% used [0x00000000d5b00000,0x00000000d5b00000,0x00000000d5b80000)
 ParOldGen       total 250880K, used 250397K [0x0000000080000000, 0x000000008f500000, 0x00000000d5580000)
  object space 250880K, 99% used [0x0000000080000000,0x000000008f487558,0x000000008f500000)
 Metaspace       used 74671K, committed 76416K, reserved 1179648K
  class space    used 7842K, committed 8576K, reserved 1048576K
}
Event: 204.326 GC heap before
{Heap before GC invocations=324 (full 3):
 PSYoungGen      total 3584K, used 3508K [0x00000000d5580000, 0x00000000d5c00000, 0x0000000100000000)
  eden space 3072K, 100% used [0x00000000d5580000,0x00000000d5880000,0x00000000d5880000)
  from space 512K, 85% used [0x00000000d5b80000,0x00000000d5bed200,0x00000000d5c00000)
  to   space 512K, 0% used [0x00000000d5b00000,0x00000000d5b00000,0x00000000d5b80000)
 ParOldGen       total 250880K, used 250397K [0x0000000080000000, 0x000000008f500000, 0x00000000d5580000)
  object space 250880K, 99% used [0x0000000080000000,0x000000008f487558,0x000000008f500000)
 Metaspace       used 74679K, committed 76416K, reserved 1179648K
  class space    used 7844K, committed 8576K, reserved 1048576K
}
Event: 204.330 GC heap after
{Heap after GC invocations=324 (full 3):
 PSYoungGen      total 3584K, used 452K [0x00000000d5580000, 0x00000000d5c00000, 0x0000000100000000)
  eden space 3072K, 0% used [0x00000000d5580000,0x00000000d5580000,0x00000000d5880000)
  from space 512K, 88% used [0x00000000d5b00000,0x00000000d5b71210,0x00000000d5b80000)
  to   space 512K, 0% used [0x00000000d5b80000,0x00000000d5b80000,0x00000000d5c00000)
 ParOldGen       total 250880K, used 250413K [0x0000000080000000, 0x000000008f500000, 0x00000000d5580000)
  object space 250880K, 99% used [0x0000000080000000,0x000000008f48b558,0x000000008f500000)
 Metaspace       used 74679K, committed 76416K, reserved 1179648K
  class space    used 7844K, committed 8576K, reserved 1048576K
}
Event: 206.109 GC heap before
{Heap before GC invocations=325 (full 3):
 PSYoungGen      total 3584K, used 3524K [0x00000000d5580000, 0x00000000d5c00000, 0x0000000100000000)
  eden space 3072K, 100% used [0x00000000d5580000,0x00000000d5880000,0x00000000d5880000)
  from space 512K, 88% used [0x00000000d5b00000,0x00000000d5b71210,0x00000000d5b80000)
  to   space 512K, 0% used [0x00000000d5b80000,0x00000000d5b80000,0x00000000d5c00000)
 ParOldGen       total 250880K, used 250413K [0x0000000080000000, 0x000000008f500000, 0x00000000d5580000)
  object space 250880K, 99% used [0x0000000080000000,0x000000008f48b558,0x000000008f500000)
 Metaspace       used 74692K, committed 76416K, reserved 1179648K
  class space    used 7845K, committed 8576K, reserved 1048576K
}
Event: 206.111 GC heap after
{Heap after GC invocations=325 (full 3):
 PSYoungGen      total 3584K, used 340K [0x00000000d5580000, 0x00000000d5c00000, 0x0000000100000000)
  eden space 3072K, 0% used [0x00000000d5580000,0x00000000d5580000,0x00000000d5880000)
  from space 512K, 66% used [0x00000000d5b80000,0x00000000d5bd5200,0x00000000d5c00000)
  to   space 512K, 0% used [0x00000000d5b00000,0x00000000d5b00000,0x00000000d5b80000)
 ParOldGen       total 250880K, used 250761K [0x0000000080000000, 0x000000008f500000, 0x00000000d5580000)
  object space 250880K, 99% used [0x0000000080000000,0x000000008f4e2768,0x000000008f500000)
 Metaspace       used 74692K, committed 76416K, reserved 1179648K
  class space    used 7845K, committed 8576K, reserved 1048576K
}
Event: 206.132 GC heap before
{Heap before GC invocations=326 (full 3):
 PSYoungGen      total 3584K, used 3412K [0x00000000d5580000, 0x00000000d5c00000, 0x0000000100000000)
  eden space 3072K, 99% used [0x00000000d5580000,0x00000000d587fff8,0x00000000d5880000)
  from space 512K, 66% used [0x00000000d5b80000,0x00000000d5bd5200,0x00000000d5c00000)
  to   space 512K, 0% used [0x00000000d5b00000,0x00000000d5b00000,0x00000000d5b80000)
 ParOldGen       total 250880K, used 250761K [0x0000000080000000, 0x000000008f500000, 0x00000000d5580000)
  object space 250880K, 99% used [0x0000000080000000,0x000000008f4e2768,0x000000008f500000)
 Metaspace       used 74703K, committed 76416K, reserved 1179648K
  class space    used 7845K, committed 8576K, reserved 1048576K
}
Event: 206.137 GC heap after
{Heap after GC invocations=326 (full 3):
 PSYoungGen      total 3584K, used 464K [0x00000000d5580000, 0x00000000d5c00000, 0x0000000100000000)
  eden space 3072K, 0% used [0x00000000d5580000,0x00000000d5580000,0x00000000d5880000)
  from space 512K, 90% used [0x00000000d5b00000,0x00000000d5b74010,0x00000000d5b80000)
  to   space 512K, 0% used [0x00000000d5b80000,0x00000000d5b80000,0x00000000d5c00000)
 ParOldGen       total 251392K, used 251022K [0x0000000080000000, 0x000000008f580000, 0x00000000d5580000)
  object space 251392K, 99% used [0x0000000080000000,0x000000008f523968,0x000000008f580000)
 Metaspace       used 74703K, committed 76416K, reserved 1179648K
  class space    used 7845K, committed 8576K, reserved 1048576K
}
Event: 206.169 GC heap before
{Heap before GC invocations=327 (full 3):
 PSYoungGen      total 3584K, used 3536K [0x00000000d5580000, 0x00000000d5c00000, 0x0000000100000000)
  eden space 3072K, 100% used [0x00000000d5580000,0x00000000d5880000,0x00000000d5880000)
  from space 512K, 90% used [0x00000000d5b00000,0x00000000d5b74010,0x00000000d5b80000)
  to   space 512K, 0% used [0x00000000d5b80000,0x00000000d5b80000,0x00000000d5c00000)
 ParOldGen       total 251392K, used 251022K [0x0000000080000000, 0x000000008f580000, 0x00000000d5580000)
  object space 251392K, 99% used [0x0000000080000000,0x000000008f523968,0x000000008f580000)
 Metaspace       used 74710K, committed 76416K, reserved 1179648K
  class space    used 7845K, committed 8576K, reserved 1048576K
}
Event: 206.171 GC heap after
{Heap after GC invocations=327 (full 3):
 PSYoungGen      total 3584K, used 474K [0x00000000d5580000, 0x00000000d5c00000, 0x0000000100000000)
  eden space 3072K, 0% used [0x00000000d5580000,0x00000000d5580000,0x00000000d5880000)
  from space 512K, 92% used [0x00000000d5b80000,0x00000000d5bf6900,0x00000000d5c00000)
  to   space 512K, 0% used [0x00000000d5b00000,0x00000000d5b00000,0x00000000d5b80000)
 ParOldGen       total 251392K, used 251054K [0x0000000080000000, 0x000000008f580000, 0x00000000d5580000)
  object space 251392K, 99% used [0x0000000080000000,0x000000008f52b968,0x000000008f580000)
 Metaspace       used 74710K, committed 76416K, reserved 1179648K
  class space    used 7845K, committed 8576K, reserved 1048576K
}
Event: 207.413 GC heap before
{Heap before GC invocations=328 (full 3):
 PSYoungGen      total 3584K, used 3541K [0x00000000d5580000, 0x00000000d5c00000, 0x0000000100000000)
  eden space 3072K, 99% used [0x00000000d5580000,0x00000000d587edd8,0x00000000d5880000)
  from space 512K, 92% used [0x00000000d5b80000,0x00000000d5bf6900,0x00000000d5c00000)
  to   space 512K, 0% used [0x00000000d5b00000,0x00000000d5b00000,0x00000000d5b80000)
 ParOldGen       total 251392K, used 251054K [0x0000000080000000, 0x000000008f580000, 0x00000000d5580000)
  object space 251392K, 99% used [0x0000000080000000,0x000000008f52b968,0x000000008f580000)
 Metaspace       used 74831K, committed 76544K, reserved 1179648K
  class space    used 7852K, committed 8576K, reserved 1048576K
}
Event: 207.416 GC heap after
{Heap after GC invocations=328 (full 3):
 PSYoungGen      total 3584K, used 96K [0x00000000d5580000, 0x00000000d5c00000, 0x0000000100000000)
  eden space 3072K, 0% used [0x00000000d5580000,0x00000000d5580000,0x00000000d5880000)
  from space 512K, 18% used [0x00000000d5b00000,0x00000000d5b18000,0x00000000d5b80000)
  to   space 512K, 0% used [0x00000000d5b80000,0x00000000d5b80000,0x00000000d5c00000)
 ParOldGen       total 251392K, used 251062K [0x0000000080000000, 0x000000008f580000, 0x00000000d5580000)
  object space 251392K, 99% used [0x0000000080000000,0x000000008f52d968,0x000000008f580000)
 Metaspace       used 74831K, committed 76544K, reserved 1179648K
  class space    used 7852K, committed 8576K, reserved 1048576K
}

Dll operation events (10 events):
Event: 0.064 Loaded shared library c:\Users\Dell\.vscode\extensions\redhat.java-1.52.0-win32-x64\jre\21.0.9-win32-x86_64\bin\java.dll
Event: 0.820 Loaded shared library c:\Users\Dell\.vscode\extensions\redhat.java-1.52.0-win32-x64\jre\21.0.9-win32-x86_64\bin\zip.dll
Event: 1.067 Loaded shared library C:\Users\Dell\.vscode\extensions\redhat.java-1.52.0-win32-x64\jre\21.0.9-win32-x86_64\bin\instrument.dll
Event: 1.078 Loaded shared library C:\Users\Dell\.vscode\extensions\redhat.java-1.52.0-win32-x64\jre\21.0.9-win32-x86_64\bin\net.dll
Event: 1.083 Loaded shared library C:\Users\Dell\.vscode\extensions\redhat.java-1.52.0-win32-x64\jre\21.0.9-win32-x86_64\bin\nio.dll
Event: 1.128 Loaded shared library C:\Users\Dell\.vscode\extensions\redhat.java-1.52.0-win32-x64\jre\21.0.9-win32-x86_64\bin\zip.dll
Event: 1.213 Loaded shared library C:\Users\Dell\.vscode\extensions\redhat.java-1.52.0-win32-x64\jre\21.0.9-win32-x86_64\bin\jimage.dll
Event: 1.727 Loaded shared library c:\Users\Dell\.vscode\extensions\redhat.java-1.52.0-win32-x64\jre\21.0.9-win32-x86_64\bin\verify.dll
Event: 9.618 Loaded shared library C:\Users\Dell\AppData\Roaming\Code\User\globalStorage\redhat.java\1.52.0\config_win\org.eclipse.equinox.launcher\org.eclipse.equinox.launcher.win32.win32.x86_64_1.2.1500.v20260121-1430\eclipse_11919.dll
Event: 16.305 Loaded shared library C:\Users\Dell\AppData\Local\Temp\jna-2126305\jna12169080751248081916.dll

Deoptimization events (20 events):
Event: 203.189 Thread 0x0000020ed8ab9b20 Uncommon trap: trap_request=0xffffff45 fr.pc=0x0000020e885090c8 relative=0x0000000000000fe8
Event: 203.189 Thread 0x0000020ed8ab9b20 Uncommon trap: reason=unstable_if action=reinterpret pc=0x0000020e885090c8 method=org.eclipse.jdt.internal.compiler.parser.diagnose.LexStream.previous(I)I @ 1 c2
Event: 203.189 Thread 0x0000020ed8ab9b20 DEOPT PACKING pc=0x0000020e885090c8 sp=0x000000d0144fea30
Event: 203.189 Thread 0x0000020ed8ab9b20 DEOPT UNPACKING pc=0x0000020e87583aa2 sp=0x000000d0144fe910 mode 2
Event: 203.202 Thread 0x0000020ed8abaed0 Uncommon trap: trap_request=0xffffff45 fr.pc=0x0000020e8850dd64 relative=0x0000000000000324
Event: 203.202 Thread 0x0000020ed8abaed0 Uncommon trap: reason=unstable_if action=reinterpret pc=0x0000020e8850dd64 method=org.eclipse.jdt.core.compiler.CharOperation.prefixEquals([C[CZI)Z @ 16 c2
Event: 203.202 Thread 0x0000020ed8abaed0 DEOPT PACKING pc=0x0000020e8850dd64 sp=0x000000d014cfe600
Event: 203.202 Thread 0x0000020ed8abaed0 DEOPT UNPACKING pc=0x0000020e87583aa2 sp=0x000000d014cfe528 mode 2
Event: 203.210 Thread 0x0000020ed8abaed0 Uncommon trap: trap_request=0xffffff45 fr.pc=0x0000020e8850d5ac relative=0x000000000000036c
Event: 203.210 Thread 0x0000020ed8abaed0 Uncommon trap: reason=unstable_if action=reinterpret pc=0x0000020e8850d5ac method=org.eclipse.jdt.core.compiler.CharOperation.prefixEquals([C[CZI)Z @ 16 c2
Event: 203.210 Thread 0x0000020ed8abaed0 DEOPT PACKING pc=0x0000020e8850d5ac sp=0x000000d014cfe580
Event: 203.211 Thread 0x0000020ed8abaed0 DEOPT UNPACKING pc=0x0000020e87583aa2 sp=0x000000d014cfe520 mode 2
Event: 203.311 Thread 0x0000020ed8abaed0 Uncommon trap: trap_request=0xffffffbe fr.pc=0x0000020e87fffa1c relative=0x000000000000073c
Event: 203.311 Thread 0x0000020ed8abaed0 Uncommon trap: reason=profile_predicate action=maybe_recompile pc=0x0000020e87fffa1c method=java.util.ArrayList.equalsRange(Ljava/util/List;II)Z @ 31 c2
Event: 203.311 Thread 0x0000020ed8abaed0 DEOPT PACKING pc=0x0000020e87fffa1c sp=0x000000d014cfe2a0
Event: 203.311 Thread 0x0000020ed8abaed0 DEOPT UNPACKING pc=0x0000020e87583aa2 sp=0x000000d014cfe1d0 mode 2
Event: 204.254 Thread 0x0000020ed8e82d80 Uncommon trap: trap_request=0xffffff3d fr.pc=0x0000020e87fe5844 relative=0x00000000000016a4
Event: 204.254 Thread 0x0000020ed8e82d80 Uncommon trap: reason=unstable_fused_if action=reinterpret pc=0x0000020e87fe5844 method=sun.nio.fs.WindowsPathParser.isLetter(C)Z @ 15 c2
Event: 204.254 Thread 0x0000020ed8e82d80 DEOPT PACKING pc=0x0000020e87fe5844 sp=0x000000d013efe5d0
Event: 204.254 Thread 0x0000020ed8e82d80 DEOPT UNPACKING pc=0x0000020e87583aa2 sp=0x000000d013efe528 mode 2

Classes loaded (20 events):
Event: 85.556 Loading class java/util/HashMap$EntrySpliterator
Event: 85.557 Loading class java/util/HashMap$EntrySpliterator done
Event: 91.961 Loading class jdk/internal/ref/CleanerImpl$InnocuousThreadFactory
Event: 91.961 Loading class jdk/internal/ref/CleanerImpl$InnocuousThreadFactory done
Event: 92.069 Loading class jdk/internal/module/IllegalAccessLogger
Event: 92.069 Loading class jdk/internal/module/IllegalAccessLogger done
Event: 137.931 Loading class java/util/stream/ReduceOps$5
Event: 137.931 Loading class java/util/stream/ReduceOps$5 done
Event: 137.932 Loading class java/util/stream/ReduceOps$CountingSink$OfRef
Event: 137.932 Loading class java/util/stream/ReduceOps$CountingSink
Event: 137.932 Loading class java/util/stream/ReduceOps$CountingSink done
Event: 137.932 Loading class java/util/stream/ReduceOps$CountingSink$OfRef done
Event: 138.171 Loading class jdk/internal/module/IllegalAccessLogger
Event: 138.171 Loading class jdk/internal/module/IllegalAccessLogger done
Event: 138.235 Loading class sun/nio/fs/WindowsFileCopy
Event: 138.236 Loading class sun/nio/fs/WindowsFileCopy done
Event: 184.002 Loading class java/util/function/IntPredicate
Event: 184.002 Loading class java/util/function/IntPredicate done
Event: 184.020 Loading class java/util/regex/Pattern$Bound
Event: 184.020 Loading class java/util/regex/Pattern$Bound done

Classes unloaded (7 events):
Event: 21.496 Thread 0x0000020efb1fe5b0 Unloading class 0x0000020e941ab400 'java/lang/invoke/LambdaForm$MH+0x0000020e941ab400'
Event: 21.496 Thread 0x0000020efb1fe5b0 Unloading class 0x0000020e941ab000 'java/lang/invoke/LambdaForm$MH+0x0000020e941ab000'
Event: 21.496 Thread 0x0000020efb1fe5b0 Unloading class 0x0000020e941aac00 'java/lang/invoke/LambdaForm$MH+0x0000020e941aac00'
Event: 21.496 Thread 0x0000020efb1fe5b0 Unloading class 0x0000020e941aa800 'java/lang/invoke/LambdaForm$MH+0x0000020e941aa800'
Event: 21.496 Thread 0x0000020efb1fe5b0 Unloading class 0x0000020e941aa400 'java/lang/invoke/LambdaForm$BMH+0x0000020e941aa400'
Event: 21.496 Thread 0x0000020efb1fe5b0 Unloading class 0x0000020e941aa000 'java/lang/invoke/LambdaForm$DMH+0x0000020e941aa000'
Event: 21.496 Thread 0x0000020efb1fe5b0 Unloading class 0x0000020e941a8c00 'java/lang/invoke/LambdaForm$DMH+0x0000020e941a8c00'

Classes redefined (0 events):
No events

Internal exceptions (20 events):
Event: 114.669 Thread 0x0000020ed8abc910 Exception <a 'java/lang/ArrayIndexOutOfBoundsException'{0x00000000d56cf078}> (0x00000000d56cf078) 
thrown [s\src\hotspot\share\runtime\sharedRuntime.cpp, line 625]
Event: 117.001 Thread 0x0000020ed8abc910 Exception <a 'java/lang/ArrayIndexOutOfBoundsException'{0x00000000d5597a78}> (0x00000000d5597a78) 
thrown [s\src\hotspot\share\runtime\sharedRuntime.cpp, line 625]
Event: 131.733 Thread 0x0000020ed8abc910 Exception <a 'java/lang/ArrayIndexOutOfBoundsException'{0x00000000d574cdd8}> (0x00000000d574cdd8) 
thrown [s\src\hotspot\share\runtime\sharedRuntime.cpp, line 625]
Event: 136.181 Thread 0x0000020ed8abaed0 Exception <a 'java/lang/IncompatibleClassChangeError'{0x00000000d56346f8}: Found class java.lang.Object, but interface was expected> (0x00000000d56346f8) 
thrown [s\src\hotspot\share\interpreter\linkResolver.cpp, line 840]
Event: 136.181 Thread 0x0000020ed8abaed0 Exception <a 'java/lang/IncompatibleClassChangeError'{0x00000000d56385e0}: Found class java.lang.Object, but interface was expected> (0x00000000d56385e0) 
thrown [s\src\hotspot\share\interpreter\linkResolver.cpp, line 840]
Event: 138.236 Thread 0x0000020ed8e826f0 Exception <a 'sun/nio/fs/WindowsException'{0x00000000d563c590}> (0x00000000d563c590) 
thrown [s\src\hotspot\share\prims\jni.cpp, line 520]
Event: 139.841 Thread 0x0000020ed8e826f0 Exception <a 'sun/nio/fs/WindowsException'{0x00000000d5661a78}> (0x00000000d5661a78) 
thrown [s\src\hotspot\share\prims\jni.cpp, line 520]
Event: 143.684 Thread 0x0000020ed8abaed0 Exception <a 'java/lang/IncompatibleClassChangeError'{0x00000000d5644388}: Found class java.lang.Object, but interface was expected> (0x00000000d5644388) 
thrown [s\src\hotspot\share\interpreter\linkResolver.cpp, line 840]
Event: 164.689 Thread 0x0000020ed8abc910 Implicit null exception at 0x0000020e884d8ace to 0x0000020e884d9174
Event: 164.969 Thread 0x0000020ed8abaed0 Exception <a 'java/lang/ArrayIndexOutOfBoundsException'{0x00000000d56a9b50}: Index 103 out of bounds for length 103> (0x00000000d56a9b50) 
thrown [s\src\hotspot\share\interpreter\interpreterRuntime.cpp, line 439]
Event: 165.288 Thread 0x0000020ed8abaed0 Exception <a 'java/lang/ArrayIndexOutOfBoundsException'{0x00000000d57047a0}: Index 103 out of bounds for length 103> (0x00000000d57047a0) 
thrown [s\src\hotspot\share\interpreter\interpreterRuntime.cpp, line 439]
Event: 165.455 Thread 0x0000020ed8abaed0 Exception <a 'java/lang/ArrayIndexOutOfBoundsException'{0x00000000d56496f8}: Index 104 out of bounds for length 104> (0x00000000d56496f8) 
thrown [s\src\hotspot\share\interpreter\interpreterRuntime.cpp, line 439]
Event: 183.831 Thread 0x0000020ed8abc280 Exception <a 'java/lang/NoSuchMethodError'{0x00000000d56adc60}: 'java.lang.Object java.lang.invoke.DirectMethodHandle$Holder.invokeStatic(java.lang.Object, int, java.lang.Object)'> (0x00000000d56adc60) 
thrown [s\src\hotspot\share\interpreter\linkResolver.cpp, line 773]
Event: 184.003 Thread 0x0000020ed8abc280 Exception <a 'java/lang/NoSuchMethodError'{0x00000000d566f758}: 'int java.lang.invoke.DirectMethodHandle$Holder.invokeStaticInit(java.lang.Object, int)'> (0x00000000d566f758) 
thrown [s\src\hotspot\share\interpreter\linkResolver.cpp, line 773]
Event: 187.737 Thread 0x0000020ed8abc280 Exception <a 'java/lang/ArrayIndexOutOfBoundsException'{0x00000000d5715090}> (0x00000000d5715090) 
thrown [s\src\hotspot\share\runtime\sharedRuntime.cpp, line 625]
Event: 203.153 Thread 0x0000020ed8abaed0 Exception <a 'java/lang/IncompatibleClassChangeError'{0x00000000d56e32e8}: Found class java.lang.Object, but interface was expected> (0x00000000d56e32e8) 
thrown [s\src\hotspot\share\interpreter\linkResolver.cpp, line 840]
Event: 203.169 Thread 0x0000020ed8abaed0 Exception <a 'java/lang/ArrayIndexOutOfBoundsException'{0x00000000d57feb48}: Index 3 out of bounds for length 3> (0x00000000d57feb48) 
thrown [s\src\hotspot\share\interpreter\interpreterRuntime.cpp, line 439]
Event: 203.169 Thread 0x0000020ed8abaed0 Exception <a 'java/lang/ArrayIndexOutOfBoundsException'{0x00000000d57ff008}: Index 3 out of bounds for length 3> (0x00000000d57ff008) 
thrown [s\src\hotspot\share\interpreter\interpreterRuntime.cpp, line 439]
Event: 203.170 Thread 0x0000020ed8abaed0 Exception <a 'java/lang/ArrayIndexOutOfBoundsException'{0x00000000d5806e08}: Index 3 out of bounds for length 3> (0x00000000d5806e08) 
thrown [s\src\hotspot\share\interpreter\interpreterRuntime.cpp, line 439]
Event: 215.173 Thread 0x0000020ed8abc910 Exception <a 'java/lang/ArrayIndexOutOfBoundsException'{0x00000000d5655748}> (0x00000000d5655748) 
thrown [s\src\hotspot\share\runtime\sharedRuntime.cpp, line 625]

ZGC Phase Switch (0 events):
No events

VM Operations (20 events):
Event: 204.254 Executing VM operation: HandshakeAllThreads (Deoptimize)
Event: 204.254 Executing VM operation: HandshakeAllThreads (Deoptimize) done
Event: 204.326 Executing VM operation: ParallelGCFailedAllocation (Allocation Failure)
Event: 204.330 Executing VM operation: ParallelGCFailedAllocation (Allocation Failure) done
Event: 204.376 Executing VM operation: HandshakeAllThreads (Deoptimize)
Event: 204.376 Executing VM operation: HandshakeAllThreads (Deoptimize) done
Event: 205.376 Executing VM operation: Cleanup
Event: 205.376 Executing VM operation: Cleanup done
Event: 206.109 Executing VM operation: ParallelGCFailedAllocation (Allocation Failure)
Event: 206.112 Executing VM operation: ParallelGCFailedAllocation (Allocation Failure) done
Event: 206.132 Executing VM operation: ParallelGCFailedAllocation (Allocation Failure)
Event: 206.137 Executing VM operation: ParallelGCFailedAllocation (Allocation Failure) done
Event: 206.167 Executing VM operation: ParallelGCFailedAllocation (Allocation Failure)
Event: 206.171 Executing VM operation: ParallelGCFailedAllocation (Allocation Failure) done
Event: 207.174 Executing VM operation: Cleanup
Event: 207.174 Executing VM operation: Cleanup done
Event: 207.413 Executing VM operation: ParallelGCFailedAllocation (Allocation Failure)
Event: 207.416 Executing VM operation: ParallelGCFailedAllocation (Allocation Failure) done
Event: 208.421 Executing VM operation: Cleanup
Event: 208.421 Executing VM operation: Cleanup done

Memory protections (0 events):
No events

Nmethod flushes (20 events):
Event: 62.791 Thread 0x0000020efb1fe5b0 flushing  nmethod 0x0000020e808c6310
Event: 62.791 Thread 0x0000020efb1fe5b0 flushing  nmethod 0x0000020e808c7b10
Event: 62.791 Thread 0x0000020efb1fe5b0 flushing  nmethod 0x0000020e808c7f90
Event: 62.791 Thread 0x0000020efb1fe5b0 flushing  nmethod 0x0000020e808c8590
Event: 62.791 Thread 0x0000020efb1fe5b0 flushing  nmethod 0x0000020e808de790
Event: 62.791 Thread 0x0000020efb1fe5b0 flushing  nmethod 0x0000020e808e7410
Event: 62.791 Thread 0x0000020efb1fe5b0 flushing  nmethod 0x0000020e808ecc90
Event: 62.791 Thread 0x0000020efb1fe5b0 flushing  nmethod 0x0000020e808edc90
Event: 62.791 Thread 0x0000020efb1fe5b0 flushing  nmethod 0x0000020e808fd110
Event: 62.791 Thread 0x0000020efb1fe5b0 flushing osr nmethod 0x0000020e80901410
Event: 62.791 Thread 0x0000020efb1fe5b0 flushing  nmethod 0x0000020e80907590
Event: 62.791 Thread 0x0000020efb1fe5b0 flushing  nmethod 0x0000020e80933f10
Event: 62.791 Thread 0x0000020efb1fe5b0 flushing  nmethod 0x0000020e80935b90
Event: 62.791 Thread 0x0000020efb1fe5b0 flushing  nmethod 0x0000020e80937590
Event: 62.791 Thread 0x0000020efb1fe5b0 flushing  nmethod 0x0000020e8094e990
Event: 62.791 Thread 0x0000020efb1fe5b0 flushing  nmethod 0x0000020e8096a590
Event: 62.791 Thread 0x0000020efb1fe5b0 flushing  nmethod 0x0000020e80970890
Event: 62.791 Thread 0x0000020efb1fe5b0 flushing  nmethod 0x0000020e809a3f10
Event: 62.791 Thread 0x0000020efb1fe5b0 flushing  nmethod 0x0000020e809cc710
Event: 62.791 Thread 0x0000020efb1fe5b0 flushing  nmethod 0x0000020e809e7790

Events (20 events):
Event: 87.337 Thread 0x0000020efb28af50 Thread added: 0x0000020ee7b10890
Event: 88.466 Thread 0x0000020ee7b10890 Thread exited: 0x0000020ee7b10890
Event: 88.679 Thread 0x0000020efb28af50 Thread added: 0x0000020edb8dae70
Event: 91.961 Thread 0x0000020ed8abc910 Thread added: 0x0000020ed95e5ee0
Event: 99.697 Thread 0x0000020edb8dae70 Thread exited: 0x0000020edb8dae70
Event: 133.819 Thread 0x0000020efb28af50 Thread added: 0x0000020ee66f61c0
Event: 137.778 Thread 0x0000020ee66f61c0 Thread exited: 0x0000020ee66f61c0
Event: 138.323 Thread 0x0000020efb213b70 Thread added: 0x0000020edcb3b7e0
Event: 139.567 Thread 0x0000020edcb3b7e0 Thread exited: 0x0000020edcb3b7e0
Event: 144.009 Thread 0x0000020efb28af50 Thread added: 0x0000020ed953e250
Event: 149.467 Thread 0x0000020ed953e250 Thread exited: 0x0000020ed953e250
Event: 165.015 Thread 0x0000020efb28af50 Thread added: 0x0000020ee5f03020
Event: 166.409 Thread 0x0000020ee5f03020 Thread exited: 0x0000020ee5f03020
Event: 184.137 Thread 0x0000020efb28af50 Thread added: 0x0000020ed9589fb0
Event: 187.737 Thread 0x0000020ed9589fb0 Thread exited: 0x0000020ed9589fb0
Event: 191.916 Thread 0x0000020efb28af50 Thread added: 0x0000020ed914a570
Event: 196.976 Thread 0x0000020ed914a570 Thread exited: 0x0000020ed914a570
Event: 198.179 Thread 0x0000020ed95e5850 Thread exited: 0x0000020ed95e5850
Event: 203.334 Thread 0x0000020efb28af50 Thread added: 0x0000020ee5a56320
Event: 204.063 Thread 0x0000020ee5a56320 Thread exited: 0x0000020ee5a56320


Dynamic libraries:
0x00007ff6cb440000 - 0x00007ff6cb44e000 	c:\Users\Dell\.vscode\extensions\redhat.java-1.52.0-win32-x64\jre\21.0.9-win32-x86_64\bin\java.exe
0x00007ffb42030000 - 0x00007ffb42228000 	C:\Windows\SYSTEM32\ntdll.dll
0x00007ffb41330000 - 0x00007ffb413f2000 	C:\Windows\System32\KERNEL32.DLL
0x00007ffb3fc30000 - 0x00007ffb3ff26000 	C:\Windows\System32\KERNELBASE.dll
0x00007ffb3fab0000 - 0x00007ffb3fbb0000 	C:\Windows\System32\ucrtbase.dll
0x00007ffb1eea0000 - 0x00007ffb1eeb8000 	c:\Users\Dell\.vscode\extensions\redhat.java-1.52.0-win32-x64\jre\21.0.9-win32-x86_64\bin\jli.dll
0x00007ffb403f0000 - 0x00007ffb40591000 	C:\Windows\System32\USER32.dll
0x00007ffb3fc00000 - 0x00007ffb3fc22000 	C:\Windows\System32\win32u.dll
0x00007ffb40d80000 - 0x00007ffb40dab000 	C:\Windows\System32\GDI32.dll
0x00007ffb3f6f0000 - 0x00007ffb3f809000 	C:\Windows\System32\gdi32full.dll
0x00007ffb3ffb0000 - 0x00007ffb4004d000 	C:\Windows\System32\msvcp_win.dll
0x00007ffb1c1c0000 - 0x00007ffb1c1de000 	c:\Users\Dell\.vscode\extensions\redhat.java-1.52.0-win32-x64\jre\21.0.9-win32-x86_64\bin\VCRUNTIME140.dll
0x00007ffb2f8d0000 - 0x00007ffb2fb6b000 	C:\Windows\WinSxS\amd64_microsoft.windows.common-controls_6595b64144ccf1df_6.0.19041.6456_none_60b8a6cb71f64256\COMCTL32.dll
0x00007ffb41200000 - 0x00007ffb4129e000 	C:\Windows\System32\msvcrt.dll
0x00007ffb411d0000 - 0x00007ffb411ff000 	C:\Windows\System32\IMM32.DLL
0x00007ffb2f1e0000 - 0x00007ffb2f1ec000 	c:\Users\Dell\.vscode\extensions\redhat.java-1.52.0-win32-x64\jre\21.0.9-win32-x86_64\bin\vcruntime140_1.dll
0x00007ffafad90000 - 0x00007ffafae1d000 	c:\Users\Dell\.vscode\extensions\redhat.java-1.52.0-win32-x64\jre\21.0.9-win32-x86_64\bin\msvcp140.dll
0x00007ffae7d60000 - 0x00007ffae8b00000 	c:\Users\Dell\.vscode\extensions\redhat.java-1.52.0-win32-x64\jre\21.0.9-win32-x86_64\bin\server\jvm.dll
0x00007ffb402d0000 - 0x00007ffb40381000 	C:\Windows\System32\ADVAPI32.dll
0x00007ffb40230000 - 0x00007ffb402cf000 	C:\Windows\System32\sechost.dll
0x00007ffb410b0000 - 0x00007ffb411d0000 	C:\Windows\System32\RPCRT4.dll
0x00007ffb3f6c0000 - 0x00007ffb3f6e7000 	C:\Windows\System32\bcrypt.dll
0x00007ffb412a0000 - 0x00007ffb4130b000 	C:\Windows\System32\WS2_32.dll
0x00007ffb3ec00000 - 0x00007ffb3ec4b000 	C:\Windows\SYSTEM32\POWRPROF.dll
0x00007ffb2d3c0000 - 0x00007ffb2d3e7000 	C:\Windows\SYSTEM32\WINMM.dll
0x00007ffb30d50000 - 0x00007ffb30d5a000 	C:\Windows\SYSTEM32\VERSION.dll
0x00007ffb3eac0000 - 0x00007ffb3ead2000 	C:\Windows\SYSTEM32\UMPDC.dll
0x00007ffb3d530000 - 0x00007ffb3d542000 	C:\Windows\SYSTEM32\kernel.appcore.dll
0x00007ffb2e680000 - 0x00007ffb2e68a000 	c:\Users\Dell\.vscode\extensions\redhat.java-1.52.0-win32-x64\jre\21.0.9-win32-x86_64\bin\jimage.dll
0x00007ffb2d180000 - 0x00007ffb2d381000 	C:\Windows\SYSTEM32\DBGHELP.DLL
0x00007ffb2b510000 - 0x00007ffb2b544000 	C:\Windows\SYSTEM32\dbgcore.DLL
0x00007ffb3f8c0000 - 0x00007ffb3f942000 	C:\Windows\System32\bcryptPrimitives.dll
0x00007ffb2e5b0000 - 0x00007ffb2e5bf000 	c:\Users\Dell\.vscode\extensions\redhat.java-1.52.0-win32-x64\jre\21.0.9-win32-x86_64\bin\instrument.dll
0x00007ffb1a6f0000 - 0x00007ffb1a710000 	c:\Users\Dell\.vscode\extensions\redhat.java-1.52.0-win32-x64\jre\21.0.9-win32-x86_64\bin\java.dll
0x00007ffb41400000 - 0x00007ffb41b70000 	C:\Windows\System32\SHELL32.dll
0x00007ffb3d730000 - 0x00007ffb3ded5000 	C:\Windows\SYSTEM32\windows.storage.dll
0x00007ffb40800000 - 0x00007ffb40b54000 	C:\Windows\System32\combase.dll
0x00007ffb3f0f0000 - 0x00007ffb3f11b000 	C:\Windows\SYSTEM32\Wldp.dll
0x00007ffb40160000 - 0x00007ffb4022d000 	C:\Windows\System32\OLEAUT32.dll
0x00007ffb40050000 - 0x00007ffb400fd000 	C:\Windows\System32\SHCORE.dll
0x00007ffb40100000 - 0x00007ffb4015b000 	C:\Windows\System32\shlwapi.dll
0x00007ffb3f5f0000 - 0x00007ffb3f614000 	C:\Windows\SYSTEM32\profapi.dll
0x00007ffb19600000 - 0x00007ffb19618000 	c:\Users\Dell\.vscode\extensions\redhat.java-1.52.0-win32-x64\jre\21.0.9-win32-x86_64\bin\zip.dll
0x00007ffb2d8f0000 - 0x00007ffb2d900000 	C:\Users\Dell\.vscode\extensions\redhat.java-1.52.0-win32-x64\jre\21.0.9-win32-x86_64\bin\net.dll
0x00007ffb36f00000 - 0x00007ffb3700a000 	C:\Windows\SYSTEM32\WINHTTP.dll
0x00007ffb3ee50000 - 0x00007ffb3eeba000 	C:\Windows\system32\mswsock.dll
0x00007ffb195e0000 - 0x00007ffb195f6000 	C:\Users\Dell\.vscode\extensions\redhat.java-1.52.0-win32-x64\jre\21.0.9-win32-x86_64\bin\nio.dll
0x00007ffb2d770000 - 0x00007ffb2d780000 	c:\Users\Dell\.vscode\extensions\redhat.java-1.52.0-win32-x64\jre\21.0.9-win32-x86_64\bin\verify.dll
0x00007ffb1edc0000 - 0x00007ffb1ee05000 	C:\Users\Dell\AppData\Roaming\Code\User\globalStorage\redhat.java\1.52.0\config_win\org.eclipse.equinox.launcher\org.eclipse.equinox.launcher.win32.win32.x86_64_1.2.1500.v20260121-1430\eclipse_11919.dll
0x00007ffb40e40000 - 0x00007ffb40f6b000 	C:\Windows\System32\ole32.dll
0x00007ffb3f050000 - 0x00007ffb3f068000 	C:\Windows\SYSTEM32\CRYPTSP.dll
0x00007ffb3e700000 - 0x00007ffb3e738000 	C:\Windows\system32\rsaenh.dll
0x00007ffb3f5b0000 - 0x00007ffb3f5de000 	C:\Windows\SYSTEM32\USERENV.dll
0x00007ffb3f040000 - 0x00007ffb3f04c000 	C:\Windows\SYSTEM32\CRYPTBASE.dll
0x00007ffb3eae0000 - 0x00007ffb3eb1b000 	C:\Windows\SYSTEM32\IPHLPAPI.DLL
0x00007ffb40e30000 - 0x00007ffb40e38000 	C:\Windows\System32\NSI.dll
0x00007ffafb1b0000 - 0x00007ffafb1f9000 	C:\Users\Dell\AppData\Local\Temp\jna-2126305\jna12169080751248081916.dll
0x00007ffb41b70000 - 0x00007ffb41b78000 	C:\Windows\System32\PSAPI.DLL
0x00007ffb380b0000 - 0x00007ffb380c7000 	C:\Windows\SYSTEM32\dhcpcsvc6.DLL
0x00007ffb38bd0000 - 0x00007ffb38bed000 	C:\Windows\SYSTEM32\dhcpcsvc.DLL

JVMTI agents:
c:\Users\Dell\.vscode\extensions\redhat.java-1.52.0-win32-x64\lombok\lombok-1.18.39-4050.jar path:c:\Users\Dell\.vscode\extensions\redhat.java-1.52.0-win32-x64\jre\21.0.9-win32-x86_64\bin\instrument.dll, loaded, initialized, instrumentlib options:none

dbghelp: loaded successfully - version: 4.0.5 - missing functions: none
symbol engine: initialized successfully - sym options: 0x614 - pdb path: .;c:\Users\Dell\.vscode\extensions\redhat.java-1.52.0-win32-x64\jre\21.0.9-win32-x86_64\bin;C:\Windows\SYSTEM32;C:\Windows\WinSxS\amd64_microsoft.windows.common-controls_6595b64144ccf1df_6.0.19041.6456_none_60b8a6cb71f64256;c:\Users\Dell\.vscode\extensions\redhat.java-1.52.0-win32-x64\jre\21.0.9-win32-x86_64\bin\server;C:\Users\Dell\AppData\Roaming\Code\User\globalStorage\redhat.java\1.52.0\config_win\org.eclipse.equinox.launcher\org.eclipse.equinox.launcher.win32.win32.x86_64_1.2.1500.v20260121-1430;C:\Users\Dell\AppData\Local\Temp\jna-2126305

VM Arguments:
jvm_args: --add-modules=ALL-SYSTEM --add-opens=java.base/java.util=ALL-UNNAMED --add-opens=java.base/java.lang=ALL-UNNAMED --add-opens=java.base/sun.nio.fs=ALL-UNNAMED -Declipse.application=org.eclipse.jdt.ls.core.id1 -Dosgi.bundles.defaultStartLevel=4 -Declipse.product=org.eclipse.jdt.ls.core.product -Djava.import.generatesMetadataFilesAtProjectRoot=false -DDetectVMInstallationsJob.disabled=true -Dfile.encoding=utf8 -XX:+UseParallelGC -XX:GCTimeRatio=4 -XX:AdaptiveSizePolicyWeight=90 -Dsun.zip.disableMemoryMapping=true -Xmx2G -Xms100m -Xlog:disable -javaagent:c:\Users\Dell\.vscode\extensions\redhat.java-1.52.0-win32-x64\lombok\lombok-1.18.39-4050.jar -XX:+HeapDumpOnOutOfMemoryError -XX:HeapDumpPath=c:\Users\Dell\AppData\Roaming\Code\User\workspaceStorage\c98900c0ddc07eeb5bd412d356d0e836\redhat.java -Daether.dependencyCollector.impl=bf 
java_command: c:\Users\Dell\.vscode\extensions\redhat.java-1.52.0-win32-x64\server\plugins\org.eclipse.equinox.launcher_1.7.100.v20251111-0406.jar -configuration c:\Users\Dell\AppData\Roaming\Code\User\globalStorage\redhat.java\1.52.0\config_win -data c:\Users\Dell\AppData\Roaming\Code\User\workspaceStorage\c98900c0ddc07eeb5bd412d356d0e836\redhat.java\jdt_ws --pipe=\\.\pipe\lsp-ece4219b1d7adbe83bdbd71d36fd1df3-sock
java_class_path (initial): c:\Users\Dell\.vscode\extensions\redhat.java-1.52.0-win32-x64\server\plugins\org.eclipse.equinox.launcher_1.7.100.v20251111-0406.jar
Launcher Type: SUN_STANDARD

[Global flags]
    uintx AdaptiveSizePolicyWeight                 = 90                                        {product} {command line}
     intx CICompilerCount                          = 3                                         {product} {ergonomic}
    uintx GCTimeRatio                              = 4                                         {product} {command line}
     bool HeapDumpOnOutOfMemoryError               = true                                   {manageable} {command line}
    ccstr HeapDumpPath                             = c:\Users\Dell\AppData\Roaming\Code\User\workspaceStorage\c98900c0ddc07eeb5bd412d356d0e836\redhat.java         {manageable} {command line}
   size_t InitialHeapSize                          = 104857600                                 {product} {command line}
   size_t MaxHeapSize                              = 2147483648                                {product} {command line}
   size_t MaxNewSize                               = 715653120                                 {product} {ergonomic}
   size_t MinHeapDeltaBytes                        = 524288                                    {product} {ergonomic}
   size_t MinHeapSize                              = 104857600                                 {product} {command line}
   size_t NewSize                                  = 34603008                                  {product} {ergonomic}
    uintx NonNMethodCodeHeapSize                   = 5832780                                {pd product} {ergonomic}
    uintx NonProfiledCodeHeapSize                  = 122912730                              {pd product} {ergonomic}
   size_t OldSize                                  = 70254592                                  {product} {ergonomic}
    uintx ProfiledCodeHeapSize                     = 122912730                              {pd product} {ergonomic}
    uintx ReservedCodeCacheSize                    = 251658240                              {pd product} {ergonomic}
     bool SegmentedCodeCache                       = true                                      {product} {ergonomic}
   size_t SoftMaxHeapSize                          = 2147483648                             {manageable} {ergonomic}
     bool UseCompressedOops                        = true                           {product lp64_product} {ergonomic}
     bool UseLargePagesIndividualAllocation        = false                                  {pd product} {ergonomic}
     bool UseParallelGC                            = true                                      {product} {command line}

Logging:
Log output configuration:
 #0: stdout all=off uptime,level,tags foldmultilines=false
 #1: stderr all=off uptime,level,tags foldmultilines=false

Release file:
JAVA_VERSION="21.0.9" 
MODULES="java.base java.compiler java.datatransfer java.xml java.prefs java.desktop java.instrument java.logging java.management java.security.sasl java.naming java.rmi java.management.rmi java.net.http java.scripting java.security.jgss java.transaction.xa java.sql java.sql.rowset java.xml.crypto java.se java.smartcardio jdk.accessibility jdk.internal.jvmstat jdk.attach jdk.charsets jdk.internal.opt jdk.zipfs jdk.compiler jdk.crypto.ec jdk.crypto.cryptoki jdk.crypto.mscapi jdk.dynalink jdk.internal.ed jdk.editpad jdk.hotspot.agent jdk.httpserver jdk.internal.le jdk.internal.vm.ci jdk.internal.vm.compiler jdk.internal.vm.compiler.management jdk.jartool jdk.javadoc jdk.jcmd jdk.management jdk.management.agent jdk.jconsole jdk.jdeps jdk.jdwp.agent jdk.jdi jdk.jfr jdk.jshell jdk.jsobject jdk.jstatd jdk.localedata jdk.management.jfr jdk.naming.dns jdk.naming.rmi jdk.net jdk.nio.mapmode jdk.random jdk.sctp jdk.security.auth jdk.security.jgss jdk.unsupported jdk.unsupported.desktop jdk.xml.dom" 

Environment Variables:
JAVA_HOME=C:\Program Files\Java\jdk-21
PATH=C:\Python314\Scripts\;C:\Python314\;C:\Program Files\Common Files\Oracle\Java\javapath;C:\Windows\system32;C:\Windows;C:\Windows\System32\Wbem;C:\Windows\System32\WindowsPowerShell\v1.0\;C:\Windows\System32\OpenSSH\;C:\Program Files\dotnet\;C:\Program Files\Git\cmd;C:\Program Files\GitHub CLI\;C:\Program Files\nodejs\;C:\ProgramData\chocolatey\bin;C:\Program Files\PostgreSQL\16\bin;C:\Program Files\Java\jdk-21\bin;C:\Program Files\apache-maven-3.9.12\bin;C:\Program Files\MySQL\MySQL Shell 8.0\bin\;C:\Users\Dell\AppData\Local\Programs\Python\Python313\Scripts\;C:\Users\Dell\AppData\Local\Programs\Python\Python313\;C:\Users\Dell\AppData\Local\Programs\Python\Launcher\;C:\Users\Dell\AppData\Local\Microsoft\WindowsApps;C:\Users\Dell\AppData\Local\GitHubDesktop\bin;C:\Users\Dell\AppData\Local\Programs\Microsoft VS Code\bin;C:\Users\Dell\AppData\Roaming\npm
USERNAME=Dell
OS=Windows_NT
PROCESSOR_IDENTIFIER=Intel64 Family 6 Model 69 Stepping 1, GenuineIntel
TMP=C:\Users\Dell\AppData\Local\Temp
TEMP=C:\Users\Dell\AppData\Local\Temp




Periodic native trim disabled

---------------  S Y S T E M  ---------------

OS:
 Windows 10 , 64 bit Build 19041 (10.0.19041.5915)
OS uptime: 5 days 17:08 hours

CPU: total 4 (initial active 4) (2 cores per cpu, 2 threads per core) family 6 model 69 stepping 1 microcode 0x25, cx8, cmov, fxsr, ht, mmx, sse, sse2, sse3, ssse3, sse4.1, sse4.2, popcnt, lzcnt, tsc, tscinvbit, avx, avx2, aes, erms, clmul, bmi1, bmi2, fma, vzeroupper, clflush, rdtscp, f16c
Processor Information for the first 4 processors :
  Max Mhz: 1700, Current Mhz: 1700, Mhz Limit: 1700

Memory: 4k page, system-wide physical 8096M (518M free)
TotalPageFile size 10144M (AvailPageFile size 2M)
current process WorkingSet (physical memory assigned to process): 513M, peak: 518M
current process commit charge ("private bytes"): 573M, peak: 578M

vm_info: OpenJDK 64-Bit Server VM (21.0.9+10-LTS) for windows-amd64 JRE (21.0.9+10-LTS), built on 2025-10-21T00:00:00Z by "admin" with unknown MS VC++:1942

END.
