#
# There is insufficient memory for the Java Runtime Environment to continue.
# Native memory allocation (malloc) failed to allocate 385456 bytes. Error detail: Chunk::new
# Possible reasons:
#   The system is out of physical RAM or swap space
#   This process is running with CompressedOops enabled, and the Java Heap may be blocking the growth of the native heap
# Possible solutions:
#   Reduce memory load on the system
#   Increase physical memory or swap space
#   Check if swap backing store is full
#   Decrease Java heap size (-Xmx/-Xms)
#   Decrease number of Java threads
#   Decrease Java thread stack sizes (-Xss)
#   Set larger code cache with -XX:ReservedCodeCacheSize=
#   JVM is running with Unscaled Compressed Oops mode in which the Java heap is
#     placed in the first 4GB address space. The Java Heap base address is the
#     maximum limit for the native heap growth. Please use -XX:HeapBaseMinAddress
#     to set the Java Heap base and to place the Java Heap above 4GB virtual address.
# This output file may be truncated or incomplete.
#
#  Out of Memory Error (arena.cpp:168), pid=14164, tid=10452
#
# JRE version: OpenJDK Runtime Environment Temurin-21.0.9+10 (21.0.9+10) (build 21.0.9+10-LTS)
# Java VM: OpenJDK 64-Bit Server VM Temurin-21.0.9+10 (21.0.9+10-LTS, mixed mode, sharing, tiered, compressed oops, compressed class ptrs, parallel gc, windows-amd64)
# No core dump will be written. Minidumps are not enabled by default on client versions of Windows
#

---------------  S U M M A R Y ------------

Command Line: --add-modules=ALL-SYSTEM --add-opens=java.base/java.util=ALL-UNNAMED --add-opens=java.base/java.lang=ALL-UNNAMED --add-opens=java.base/sun.nio.fs=ALL-UNNAMED -Declipse.application=org.eclipse.jdt.ls.core.id1 -Dosgi.bundles.defaultStartLevel=4 -Declipse.product=org.eclipse.jdt.ls.core.product -Djava.import.generatesMetadataFilesAtProjectRoot=false -DDetectVMInstallationsJob.disabled=true -Dfile.encoding=utf8 -XX:+UseParallelGC -XX:GCTimeRatio=4 -XX:AdaptiveSizePolicyWeight=90 -Dsun.zip.disableMemoryMapping=true -Xmx2G -Xms100m -Xlog:disable -javaagent:c:\Users\Dell\.vscode\extensions\redhat.java-1.52.0-win32-x64\lombok\lombok-1.18.39-4050.jar -XX:+HeapDumpOnOutOfMemoryError -XX:HeapDumpPath=c:\Users\Dell\AppData\Roaming\Code\User\workspaceStorage\c98900c0ddc07eeb5bd412d356d0e836\redhat.java -Daether.dependencyCollector.impl=bf c:\Users\Dell\.vscode\extensions\redhat.java-1.52.0-win32-x64\server\plugins\org.eclipse.equinox.launcher_1.7.100.v20251111-0406.jar -configuration c:\Users\Dell\AppData\Roaming\Code\User\globalStorage\redhat.java\1.52.0\config_win -data c:\Users\Dell\AppData\Roaming\Code\User\workspaceStorage\c98900c0ddc07eeb5bd412d356d0e836\redhat.java\jdt_ws --pipe=\\.\pipe\lsp-5a27d4d250662adb9e8a9fdef32ac400-sock

Host: Intel(R) Core(TM) i3-4005U CPU @ 1.70GHz, 4 cores, 7G,  Windows 10 , 64 bit Build 19041 (10.0.19041.5915)
Time: Wed Feb 11 14:29:44 2026 India Standard Time elapsed time: 55.280106 seconds (0d 0h 0m 55s)

---------------  T H R E A D  ---------------

Current thread (0x0000020392283150):  JavaThread "C2 CompilerThread0" daemon [_thread_in_native, id=10452, stack(0x0000005d39000000,0x0000005d39100000) (1024K)]


Current CompileTask:
C2:55280 8834       4       org.codehaus.plexus.util.xml.pull.MXParser::nextImpl (1208 bytes)

Stack: [0x0000005d39000000,0x0000005d39100000]
Native frames: (J=compiled Java code, j=interpreted, Vv=VM code, C=native code)
V  [jvm.dll+0x6d6e29]
V  [jvm.dll+0x8b4b76]
V  [jvm.dll+0x8b712e]
V  [jvm.dll+0x8b7813]
V  [jvm.dll+0x283d86]
V  [jvm.dll+0xc66ed]
V  [jvm.dll+0xc6c31]
V  [jvm.dll+0x3be53b]
V  [jvm.dll+0x38ab92]
V  [jvm.dll+0x389fda]
V  [jvm.dll+0x24bfa0]
V  [jvm.dll+0x24b580]
V  [jvm.dll+0x1cb13e]
V  [jvm.dll+0x25b29d]
V  [jvm.dll+0x25982a]
V  [jvm.dll+0x3f7ea6]
V  [jvm.dll+0x85e9ad]
V  [jvm.dll+0x6d565d]
C  [ucrtbase.dll+0x21bb2]
C  [KERNEL32.DLL+0x17374]
C  [ntdll.dll+0x4cc91]


---------------  P R O C E S S  ---------------

Threads class SMR info:
_java_thread_list=0x00000203f01dc6e0, length=37, elements={
0x0000020392391210, 0x00000203922791b0, 0x000002039227a750, 0x000002039227e020,
0x000002039227ec70, 0x000002039227f8c0, 0x0000020392282320, 0x0000020392283150,
0x00000203922fa530, 0x00000203eaa4c380, 0x00000203eac1b1c0, 0x00000203ef61ea40,
0x00000203ef5cca70, 0x00000203ef2c5990, 0x00000203ef2c5ff0, 0x00000203ef9501d0,
0x00000203ef81c0c0, 0x00000203efbd7020, 0x00000203ef6b4080, 0x00000203efa13d50,
0x00000203efa13030, 0x00000203efa143e0, 0x00000203efa14a70, 0x00000203efa115f0,
0x00000203efa11c80, 0x00000203efa129a0, 0x00000203efa136c0, 0x00000203f200baa0,
0x00000203f200ad80, 0x00000203f200c130, 0x00000203f200c7c0, 0x00000203f200d4e0,
0x00000203f200a060, 0x00000203f200b410, 0x00000203f200a6f0, 0x00000203ef125f40,
0x00000203ef127980
}

Java Threads: ( => current thread )
  0x0000020392391210 JavaThread "main"                              [_thread_blocked, id=19432, stack(0x0000005d38600000,0x0000005d38700000) (1024K)]
  0x00000203922791b0 JavaThread "Reference Handler"          daemon [_thread_blocked, id=8728, stack(0x0000005d38a00000,0x0000005d38b00000) (1024K)]
  0x000002039227a750 JavaThread "Finalizer"                  daemon [_thread_blocked, id=12636, stack(0x0000005d38b00000,0x0000005d38c00000) (1024K)]
  0x000002039227e020 JavaThread "Signal Dispatcher"          daemon [_thread_blocked, id=6316, stack(0x0000005d38c00000,0x0000005d38d00000) (1024K)]
  0x000002039227ec70 JavaThread "Attach Listener"            daemon [_thread_blocked, id=10828, stack(0x0000005d38d00000,0x0000005d38e00000) (1024K)]
  0x000002039227f8c0 JavaThread "Service Thread"             daemon [_thread_blocked, id=780, stack(0x0000005d38e00000,0x0000005d38f00000) (1024K)]
  0x0000020392282320 JavaThread "Monitor Deflation Thread"   daemon [_thread_blocked, id=15212, stack(0x0000005d38f00000,0x0000005d39000000) (1024K)]
=>0x0000020392283150 JavaThread "C2 CompilerThread0"         daemon [_thread_in_native, id=10452, stack(0x0000005d39000000,0x0000005d39100000) (1024K)]
  0x00000203922fa530 JavaThread "C1 CompilerThread0"         daemon [_thread_blocked, id=15640, stack(0x0000005d39100000,0x0000005d39200000) (1024K)]
  0x00000203eaa4c380 JavaThread "Common-Cleaner"             daemon [_thread_blocked, id=14660, stack(0x0000005d39200000,0x0000005d39300000) (1024K)]
  0x00000203eac1b1c0 JavaThread "Notification Thread"        daemon [_thread_blocked, id=2672, stack(0x0000005d39300000,0x0000005d39400000) (1024K)]
  0x00000203ef61ea40 JavaThread "Active Thread: Equinox Container: 373fea39-3e49-4eeb-8866-a53c5aed13a8"        [_thread_blocked, id=232, stack(0x0000005d39400000,0x0000005d39500000) (1024K)]
  0x00000203ef5cca70 JavaThread "Refresh Thread: Equinox Container: 373fea39-3e49-4eeb-8866-a53c5aed13a8" daemon [_thread_blocked, id=15244, stack(0x0000005d39800000,0x0000005d39900000) (1024K)]
  0x00000203ef2c5990 JavaThread "Framework Event Dispatcher: Equinox Container: 373fea39-3e49-4eeb-8866-a53c5aed13a8" daemon [_thread_blocked, id=17304, stack(0x0000005d39900000,0x0000005d39a00000) (1024K)]
  0x00000203ef2c5ff0 JavaThread "Start Level: Equinox Container: 373fea39-3e49-4eeb-8866-a53c5aed13a8" daemon [_thread_blocked, id=6240, stack(0x0000005d39a00000,0x0000005d39b00000) (1024K)]
  0x00000203ef9501d0 JavaThread "Bundle File Closer"         daemon [_thread_blocked, id=19052, stack(0x0000005d39c00000,0x0000005d39d00000) (1024K)]
  0x00000203ef81c0c0 JavaThread "SCR Component Actor"        daemon [_thread_blocked, id=1528, stack(0x0000005d39b00000,0x0000005d39c00000) (1024K)]
  0x00000203efbd7020 JavaThread "Worker-JM"                         [_thread_blocked, id=2244, stack(0x0000005d39d00000,0x0000005d39e00000) (1024K)]
  0x00000203ef6b4080 JavaThread "JNA Cleaner"                daemon [_thread_blocked, id=1860, stack(0x0000005d39e00000,0x0000005d39f00000) (1024K)]
  0x00000203efa13d50 JavaThread "Worker-0: Initialize workspace"        [_thread_in_Java, id=7224, stack(0x0000005d39f00000,0x0000005d3a000000) (1024K)]
  0x00000203efa13030 JavaThread "Worker-1: Publish Diagnostics"        [_thread_in_native, id=10172, stack(0x0000005d3a000000,0x0000005d3a100000) (1024K)]
  0x00000203efa143e0 JavaThread "Worker-2"                          [_thread_blocked, id=5056, stack(0x0000005d3a200000,0x0000005d3a300000) (1024K)]
  0x00000203efa14a70 JavaThread "Java indexing"              daemon [_thread_blocked, id=8032, stack(0x0000005d3a300000,0x0000005d3a400000) (1024K)]
  0x00000203efa115f0 JavaThread "Worker-3: Initialize Workspace"        [_thread_blocked, id=18676, stack(0x0000005d3a600000,0x0000005d3a700000) (1024K)]
  0x00000203efa11c80 JavaThread "Worker-4: Validate documents"        [_thread_blocked, id=11796, stack(0x0000005d3a700000,0x0000005d3a800000) (1024K)]
  0x00000203efa129a0 JavaThread "Thread-1"                   daemon [_thread_in_native, id=9612, stack(0x0000005d3a800000,0x0000005d3a900000) (1024K)]
  0x00000203efa136c0 JavaThread "Thread-2"                   daemon [_thread_in_native, id=4900, stack(0x0000005d3a900000,0x0000005d3aa00000) (1024K)]
  0x00000203f200baa0 JavaThread "Thread-3"                   daemon [_thread_in_native, id=7360, stack(0x0000005d3aa00000,0x0000005d3ab00000) (1024K)]
  0x00000203f200ad80 JavaThread "Thread-4"                   daemon [_thread_in_native, id=14764, stack(0x0000005d3ab00000,0x0000005d3ac00000) (1024K)]
  0x00000203f200c130 JavaThread "Thread-5"                   daemon [_thread_in_native, id=10404, stack(0x0000005d3ac00000,0x0000005d3ad00000) (1024K)]
  0x00000203f200c7c0 JavaThread "pool-2-thread-1"                   [_thread_blocked, id=1284, stack(0x0000005d3ad00000,0x0000005d3ae00000) (1024K)]
  0x00000203f200d4e0 JavaThread "WorkspaceEventsHandler"            [_thread_blocked, id=18168, stack(0x0000005d3af00000,0x0000005d3b000000) (1024K)]
  0x00000203f200a060 JavaThread "pool-1-thread-1"                   [_thread_blocked, id=14932, stack(0x0000005d3b000000,0x0000005d3b100000) (1024K)]
  0x00000203f200b410 JavaThread "ForkJoinPool.commonPool-worker-1" daemon [_thread_blocked, id=13724, stack(0x0000005d3b100000,0x0000005d3b200000) (1024K)]
  0x00000203f200a6f0 JavaThread "ForkJoinPool.commonPool-worker-2" daemon [_thread_blocked, id=17520, stack(0x0000005d3b200000,0x0000005d3b300000) (1024K)]
  0x00000203ef125f40 JavaThread "ForkJoinPool.commonPool-worker-3" daemon [_thread_blocked, id=6260, stack(0x0000005d3b300000,0x0000005d3b400000) (1024K)]
  0x00000203ef127980 JavaThread "Worker-5"                          [_thread_blocked, id=2684, stack(0x0000005d3ae00000,0x0000005d3af00000) (1024K)]
Total: 37

Other Threads:
  0x000002039226e5b0 VMThread "VM Thread"                           [id=7604, stack(0x0000005d38900000,0x0000005d38a00000) (1024K)]
  0x00000203923f97a0 WatcherThread "VM Periodic Task Thread"        [id=17792, stack(0x0000005d38800000,0x0000005d38900000) (1024K)]
  0x00000203923add40 WorkerThread "GC Thread#0"                     [id=4040, stack(0x0000005d38700000,0x0000005d38800000) (1024K)]
  0x00000203ef0f62b0 WorkerThread "GC Thread#1"                     [id=4664, stack(0x0000005d39500000,0x0000005d39600000) (1024K)]
  0x00000203ef0f6650 WorkerThread "GC Thread#2"                     [id=13744, stack(0x0000005d39600000,0x0000005d39700000) (1024K)]
  0x00000203ef0a5620 WorkerThread "GC Thread#3"                     [id=11200, stack(0x0000005d39700000,0x0000005d39800000) (1024K)]
Total: 6

Threads with active compile tasks:
C2 CompilerThread0  55350 8834       4       org.codehaus.plexus.util.xml.pull.MXParser::nextImpl (1208 bytes)
Total: 1

VM state: not at safepoint (normal execution)

VM Mutex/Monitor currently owned by a thread: None

Heap address: 0x0000000080000000, size: 2048 MB, Compressed Oops mode: 32-bit

CDS archive(s) mapped at: [0x00000203a9000000-0x00000203a9ba0000-0x00000203a9ba0000), size 12189696, SharedBaseAddress: 0x00000203a9000000, ArchiveRelocationMode: 1.
Compressed class space mapped at: 0x00000203aa000000-0x00000203ea000000, reserved size: 1073741824
Narrow klass base: 0x00000203a9000000, Narrow klass shift: 0, Narrow klass range: 0x100000000

GC Precious Log:
 CardTable entry size: 512
 CPUs: 4 total, 4 available
 Memory: 8096M
 Large Page Support: Disabled
 NUMA Support: Disabled
 Compressed Oops: Enabled (32-bit)
 Alignments: Space 512K, Generation 512K, Heap 2M
 Heap Min Capacity: 100M
 Heap Initial Capacity: 100M
 Heap Max Capacity: 2G
 Pre-touch: Disabled
 Parallel Workers: 4

Heap:
 PSYoungGen      total 23040K, used 8739K [0x00000000d5580000, 0x00000000d6e00000, 0x0000000100000000)
  eden space 22016K, 35% used [0x00000000d5580000,0x00000000d5d0b2b0,0x00000000d6b00000)
  from space 1024K, 99% used [0x00000000d6d00000,0x00000000d6dfdc28,0x00000000d6e00000)
  to   space 1536K, 0% used [0x00000000d6b00000,0x00000000d6b00000,0x00000000d6c80000)
 ParOldGen       total 68608K, used 49455K [0x0000000080000000, 0x0000000084300000, 0x00000000d5580000)
  object space 68608K, 72% used [0x0000000080000000,0x000000008304bf68,0x0000000084300000)
 Metaspace       used 62789K, committed 64192K, reserved 1114112K
  class space    used 6834K, committed 7424K, reserved 1048576K

Card table byte_map: [0x0000020391d40000,0x0000020392150000] _byte_map_base: 0x0000020391940000

Marking Bits: (ParMarkBitMap*) 0x00007ffae8982460
 Begin Bits: [0x00000203a4850000, 0x00000203a6850000)
 End Bits:   [0x00000203a6850000, 0x00000203a8850000)

Polling page: 0x0000020390160000

Metaspace:

Usage:
  Non-class:     54.64 MB used.
      Class:      6.67 MB used.
       Both:     61.32 MB used.

Virtual space:
  Non-class space:       64.00 MB reserved,      55.44 MB ( 87%) committed,  1 nodes.
      Class space:        1.00 GB reserved,       7.25 MB ( <1%) committed,  1 nodes.
             Both:        1.06 GB reserved,      62.69 MB (  6%) committed. 

Chunk freelists:
   Non-Class:  8.39 MB
       Class:  8.64 MB
        Both:  17.03 MB

MaxMetaspaceSize: unlimited
CompressedClassSpaceSize: 1.00 GB
Initial GC threshold: 21.00 MB
Current GC threshold: 97.31 MB
CDS: on
 - commit_granule_bytes: 65536.
 - commit_granule_words: 8192.
 - virtual_space_node_default_size: 8388608.
 - enlarge_chunks_in_place: 1.
 - use_allocation_guard: 0.


Internal statistics:

num_allocs_failed_limit: 9.
num_arena_births: 1092.
num_arena_deaths: 14.
num_vsnodes_births: 2.
num_vsnodes_deaths: 0.
num_space_committed: 1003.
num_space_uncommitted: 0.
num_chunks_returned_to_freelist: 23.
num_chunks_taken_from_freelist: 3838.
num_chunk_merges: 14.
num_chunk_splits: 2345.
num_chunks_enlarged: 1275.
num_inconsistent_stats: 0.

CodeHeap 'non-profiled nmethods': size=120000Kb used=5009Kb max_used=5009Kb free=114990Kb
 bounds [0x000002039d070000, 0x000002039d560000, 0x00000203a45a0000]
CodeHeap 'profiled nmethods': size=120000Kb used=17564Kb max_used=17564Kb free=102435Kb
 bounds [0x00000203955a0000, 0x00000203966d0000, 0x000002039cad0000]
CodeHeap 'non-nmethods': size=5760Kb used=1442Kb max_used=1507Kb free=4317Kb
 bounds [0x000002039cad0000, 0x000002039cd40000, 0x000002039d070000]
CodeCache: size=245760Kb, used=24015Kb, max_used=24080Kb, free=221742Kb
 total_blobs=8827, nmethods=8074, adapters=659, full_count=0
Compilation: enabled, stopped_count=0, restarted_count=0

Compilation events (20 events):
Event: 55.256 Thread 0x00000203922fa530 8850       3       org.apache.maven.model.ConfigurationContainer::setLocation (156 bytes)
Event: 55.258 Thread 0x00000203922fa530 nmethod 8850 0x00000203966bf110 code [0x00000203966bf3c0, 0x00000203966c03a0]
Event: 55.260 Thread 0x00000203922fa530 8851       3       org.apache.maven.model.Dependency::getManagementKey (94 bytes)
Event: 55.261 Thread 0x00000203922fa530 nmethod 8851 0x00000203966c0710 code [0x00000203966c0a00, 0x00000203966c15d8]
Event: 55.261 Thread 0x00000203922fa530 8852       3       org.apache.maven.model.merge.ModelMerger$DependencyKeyComputer::key (9 bytes)
Event: 55.261 Thread 0x00000203922fa530 nmethod 8852 0x00000203966c1a90 code [0x00000203966c1c60, 0x00000203966c1f88]
Event: 55.262 Thread 0x00000203922fa530 8853       3       org.apache.maven.model.merge.ModelMerger$DependencyKeyComputer::key (9 bytes)
Event: 55.262 Thread 0x00000203922fa530 nmethod 8853 0x00000203966c2090 code [0x00000203966c2240, 0x00000203966c2418]
Event: 55.262 Thread 0x00000203922fa530 8854       3       org.apache.maven.model.merge.MavenModelMerger::getDependencyKey (5 bytes)
Event: 55.262 Thread 0x00000203922fa530 nmethod 8854 0x00000203966c2510 code [0x00000203966c26c0, 0x00000203966c2808]
Event: 55.263 Thread 0x00000203922fa530 8855       1       org.apache.maven.model.Plugin::setGroupId (6 bytes)
Event: 55.263 Thread 0x00000203922fa530 nmethod 8855 0x000002039d552310 code [0x000002039d5524a0, 0x000002039d552580]
Event: 55.263 Thread 0x00000203922fa530 8856       1       org.apache.maven.model.Plugin::getGroupId (5 bytes)
Event: 55.263 Thread 0x00000203922fa530 nmethod 8856 0x000002039d552610 code [0x000002039d5527a0, 0x000002039d552868]
Event: 55.263 Thread 0x00000203922fa530 8857       1       org.apache.maven.model.Plugin::getArtifactId (5 bytes)
Event: 55.263 Thread 0x00000203922fa530 nmethod 8857 0x000002039d552910 code [0x000002039d552aa0, 0x000002039d552b68]
Event: 55.263 Thread 0x00000203922fa530 8858       1       org.apache.maven.model.Plugin::getVersion (5 bytes)
Event: 55.263 Thread 0x00000203922fa530 nmethod 8858 0x000002039d552c10 code [0x000002039d552da0, 0x000002039d552e68]
Event: 55.263 Thread 0x00000203922fa530 8859       3       org.apache.maven.model.ConfigurationContainer::getLocation (147 bytes)
Event: 55.264 Thread 0x00000203922fa530 nmethod 8859 0x00000203966c2910 code [0x00000203966c2b80, 0x00000203966c3748]

GC Heap History (20 events):
Event: 39.967 GC heap before
{Heap before GC invocations=28 (full 2):
 PSYoungGen      total 24576K, used 24228K [0x00000000d5580000, 0x00000000d7280000, 0x0000000100000000)
  eden space 22016K, 100% used [0x00000000d5580000,0x00000000d6b00000,0x00000000d6b00000)
  from space 2560K, 86% used [0x00000000d6b00000,0x00000000d6d29000,0x00000000d6d80000)
  to   space 3072K, 0% used [0x00000000d6f80000,0x00000000d6f80000,0x00000000d7280000)
 ParOldGen       total 68608K, used 43123K [0x0000000080000000, 0x0000000084300000, 0x00000000d5580000)
  object space 68608K, 62% used [0x0000000080000000,0x0000000082a1cf88,0x0000000084300000)
 Metaspace       used 54067K, committed 55424K, reserved 1114112K
  class space    used 5926K, committed 6464K, reserved 1048576K
}
Event: 39.977 GC heap after
{Heap after GC invocations=28 (full 2):
 PSYoungGen      total 24064K, used 1888K [0x00000000d5580000, 0x00000000d7180000, 0x0000000100000000)
  eden space 22016K, 0% used [0x00000000d5580000,0x00000000d5580000,0x00000000d6b00000)
  from space 2048K, 92% used [0x00000000d6f80000,0x00000000d7158000,0x00000000d7180000)
  to   space 2560K, 0% used [0x00000000d6c80000,0x00000000d6c80000,0x00000000d6f00000)
 ParOldGen       total 68608K, used 45242K [0x0000000080000000, 0x0000000084300000, 0x00000000d5580000)
  object space 68608K, 65% used [0x0000000080000000,0x0000000082c2ea38,0x0000000084300000)
 Metaspace       used 54067K, committed 55424K, reserved 1114112K
  class space    used 5926K, committed 6464K, reserved 1048576K
}
Event: 40.702 GC heap before
{Heap before GC invocations=29 (full 2):
 PSYoungGen      total 24064K, used 23904K [0x00000000d5580000, 0x00000000d7180000, 0x0000000100000000)
  eden space 22016K, 100% used [0x00000000d5580000,0x00000000d6b00000,0x00000000d6b00000)
  from space 2048K, 92% used [0x00000000d6f80000,0x00000000d7158000,0x00000000d7180000)
  to   space 2560K, 0% used [0x00000000d6c80000,0x00000000d6c80000,0x00000000d6f00000)
 ParOldGen       total 68608K, used 45242K [0x0000000080000000, 0x0000000084300000, 0x00000000d5580000)
  object space 68608K, 65% used [0x0000000080000000,0x0000000082c2ea38,0x0000000084300000)
 Metaspace       used 54129K, committed 55424K, reserved 1114112K
  class space    used 5932K, committed 6464K, reserved 1048576K
}
Event: 40.712 GC heap after
{Heap after GC invocations=29 (full 2):
 PSYoungGen      total 24576K, used 2080K [0x00000000d5580000, 0x00000000d7000000, 0x0000000100000000)
  eden space 22016K, 0% used [0x00000000d5580000,0x00000000d5580000,0x00000000d6b00000)
  from space 2560K, 81% used [0x00000000d6c80000,0x00000000d6e88010,0x00000000d6f00000)
  to   space 1024K, 0% used [0x00000000d6f00000,0x00000000d6f00000,0x00000000d7000000)
 ParOldGen       total 68608K, used 47090K [0x0000000080000000, 0x0000000084300000, 0x00000000d5580000)
  object space 68608K, 68% used [0x0000000080000000,0x0000000082dfca38,0x0000000084300000)
 Metaspace       used 54129K, committed 55424K, reserved 1114112K
  class space    used 5932K, committed 6464K, reserved 1048576K
}
Event: 42.480 GC heap before
{Heap before GC invocations=30 (full 2):
 PSYoungGen      total 24576K, used 24096K [0x00000000d5580000, 0x00000000d7000000, 0x0000000100000000)
  eden space 22016K, 100% used [0x00000000d5580000,0x00000000d6b00000,0x00000000d6b00000)
  from space 2560K, 81% used [0x00000000d6c80000,0x00000000d6e88010,0x00000000d6f00000)
  to   space 1024K, 0% used [0x00000000d6f00000,0x00000000d6f00000,0x00000000d7000000)
 ParOldGen       total 68608K, used 47090K [0x0000000080000000, 0x0000000084300000, 0x00000000d5580000)
  object space 68608K, 68% used [0x0000000080000000,0x0000000082dfca38,0x0000000084300000)
 Metaspace       used 54556K, committed 55808K, reserved 1114112K
  class space    used 5993K, committed 6528K, reserved 1048576K
}
Event: 42.487 GC heap after
{Heap after GC invocations=30 (full 2):
 PSYoungGen      total 23040K, used 1024K [0x00000000d5580000, 0x00000000d7300000, 0x0000000100000000)
  eden space 22016K, 0% used [0x00000000d5580000,0x00000000d5580000,0x00000000d6b00000)
  from space 1024K, 100% used [0x00000000d6f00000,0x00000000d7000000,0x00000000d7000000)
  to   space 4096K, 0% used [0x00000000d6b00000,0x00000000d6b00000,0x00000000d6f00000)
 ParOldGen       total 68608K, used 49738K [0x0000000080000000, 0x0000000084300000, 0x00000000d5580000)
  object space 68608K, 72% used [0x0000000080000000,0x0000000083092bb8,0x0000000084300000)
 Metaspace       used 54556K, committed 55808K, reserved 1114112K
  class space    used 5993K, committed 6528K, reserved 1048576K
}
Event: 46.155 GC heap before
{Heap before GC invocations=31 (full 2):
 PSYoungGen      total 23040K, used 23040K [0x00000000d5580000, 0x00000000d7300000, 0x0000000100000000)
  eden space 22016K, 100% used [0x00000000d5580000,0x00000000d6b00000,0x00000000d6b00000)
  from space 1024K, 100% used [0x00000000d6f00000,0x00000000d7000000,0x00000000d7000000)
  to   space 4096K, 0% used [0x00000000d6b00000,0x00000000d6b00000,0x00000000d6f00000)
 ParOldGen       total 68608K, used 49738K [0x0000000080000000, 0x0000000084300000, 0x00000000d5580000)
  object space 68608K, 72% used [0x0000000080000000,0x0000000083092bb8,0x0000000084300000)
 Metaspace       used 56232K, committed 57536K, reserved 1114112K
  class space    used 6229K, committed 6784K, reserved 1048576K
}
Event: 46.161 GC heap after
{Heap after GC invocations=31 (full 2):
 PSYoungGen      total 23040K, used 587K [0x00000000d5580000, 0x00000000d6f80000, 0x0000000100000000)
  eden space 22016K, 0% used [0x00000000d5580000,0x00000000d5580000,0x00000000d6b00000)
  from space 1024K, 57% used [0x00000000d6b00000,0x00000000d6b92e58,0x00000000d6c00000)
  to   space 2048K, 0% used [0x00000000d6d80000,0x00000000d6d80000,0x00000000d6f80000)
 ParOldGen       total 68608K, used 50778K [0x0000000080000000, 0x0000000084300000, 0x00000000d5580000)
  object space 68608K, 74% used [0x0000000080000000,0x0000000083196bb8,0x0000000084300000)
 Metaspace       used 56232K, committed 57536K, reserved 1114112K
  class space    used 6229K, committed 6784K, reserved 1048576K
}
Event: 47.341 GC heap before
{Heap before GC invocations=32 (full 2):
 PSYoungGen      total 23040K, used 22603K [0x00000000d5580000, 0x00000000d6f80000, 0x0000000100000000)
  eden space 22016K, 100% used [0x00000000d5580000,0x00000000d6b00000,0x00000000d6b00000)
  from space 1024K, 57% used [0x00000000d6b00000,0x00000000d6b92e58,0x00000000d6c00000)
  to   space 2048K, 0% used [0x00000000d6d80000,0x00000000d6d80000,0x00000000d6f80000)
 ParOldGen       total 68608K, used 50778K [0x0000000080000000, 0x0000000084300000, 0x00000000d5580000)
  object space 68608K, 74% used [0x0000000080000000,0x0000000083196bb8,0x0000000084300000)
 Metaspace       used 58074K, committed 59392K, reserved 1114112K
  class space    used 6401K, committed 6976K, reserved 1048576K
}
Event: 47.344 GC heap after
{Heap after GC invocations=32 (full 2):
 PSYoungGen      total 22528K, used 384K [0x00000000d5580000, 0x00000000d6e00000, 0x0000000100000000)
  eden space 22016K, 0% used [0x00000000d5580000,0x00000000d5580000,0x00000000d6b00000)
  from space 512K, 75% used [0x00000000d6d80000,0x00000000d6de0000,0x00000000d6e00000)
  to   space 1024K, 0% used [0x00000000d6c00000,0x00000000d6c00000,0x00000000d6d00000)
 ParOldGen       total 68608K, used 51267K [0x0000000080000000, 0x0000000084300000, 0x00000000d5580000)
  object space 68608K, 74% used [0x0000000080000000,0x0000000083210e88,0x0000000084300000)
 Metaspace       used 58074K, committed 59392K, reserved 1114112K
  class space    used 6401K, committed 6976K, reserved 1048576K
}
Event: 47.510 GC heap before
{Heap before GC invocations=33 (full 2):
 PSYoungGen      total 22528K, used 3832K [0x00000000d5580000, 0x00000000d6e00000, 0x0000000100000000)
  eden space 22016K, 15% used [0x00000000d5580000,0x00000000d58de090,0x00000000d6b00000)
  from space 512K, 75% used [0x00000000d6d80000,0x00000000d6de0000,0x00000000d6e00000)
  to   space 1024K, 0% used [0x00000000d6c00000,0x00000000d6c00000,0x00000000d6d00000)
 ParOldGen       total 68608K, used 51267K [0x0000000080000000, 0x0000000084300000, 0x00000000d5580000)
  object space 68608K, 74% used [0x0000000080000000,0x0000000083210e88,0x0000000084300000)
 Metaspace       used 58484K, committed 59776K, reserved 1114112K
  class space    used 6449K, committed 7040K, reserved 1048576K
}
Event: 47.512 GC heap after
{Heap after GC invocations=33 (full 2):
 PSYoungGen      total 23040K, used 128K [0x00000000d5580000, 0x00000000d6e00000, 0x0000000100000000)
  eden space 22016K, 0% used [0x00000000d5580000,0x00000000d5580000,0x00000000d6b00000)
  from space 1024K, 12% used [0x00000000d6c00000,0x00000000d6c20000,0x00000000d6d00000)
  to   space 512K, 0% used [0x00000000d6d80000,0x00000000d6d80000,0x00000000d6e00000)
 ParOldGen       total 68608K, used 51579K [0x0000000080000000, 0x0000000084300000, 0x00000000d5580000)
  object space 68608K, 75% used [0x0000000080000000,0x000000008325ee88,0x0000000084300000)
 Metaspace       used 58484K, committed 59776K, reserved 1114112K
  class space    used 6449K, committed 7040K, reserved 1048576K
}
Event: 47.512 GC heap before
{Heap before GC invocations=34 (full 3):
 PSYoungGen      total 23040K, used 128K [0x00000000d5580000, 0x00000000d6e00000, 0x0000000100000000)
  eden space 22016K, 0% used [0x00000000d5580000,0x00000000d5580000,0x00000000d6b00000)
  from space 1024K, 12% used [0x00000000d6c00000,0x00000000d6c20000,0x00000000d6d00000)
  to   space 512K, 0% used [0x00000000d6d80000,0x00000000d6d80000,0x00000000d6e00000)
 ParOldGen       total 68608K, used 51579K [0x0000000080000000, 0x0000000084300000, 0x00000000d5580000)
  object space 68608K, 75% used [0x0000000080000000,0x000000008325ee88,0x0000000084300000)
 Metaspace       used 58484K, committed 59776K, reserved 1114112K
  class space    used 6449K, committed 7040K, reserved 1048576K
}
Event: 47.772 GC heap after
{Heap after GC invocations=34 (full 3):
 PSYoungGen      total 23040K, used 0K [0x00000000d5580000, 0x00000000d6e00000, 0x0000000100000000)
  eden space 22016K, 0% used [0x00000000d5580000,0x00000000d5580000,0x00000000d6b00000)
  from space 1024K, 0% used [0x00000000d6c00000,0x00000000d6c00000,0x00000000d6d00000)
  to   space 512K, 0% used [0x00000000d6d80000,0x00000000d6d80000,0x00000000d6e00000)
 ParOldGen       total 68608K, used 48071K [0x0000000080000000, 0x0000000084300000, 0x00000000d5580000)
  object space 68608K, 70% used [0x0000000080000000,0x0000000082ef1d60,0x0000000084300000)
 Metaspace       used 58484K, committed 59776K, reserved 1114112K
  class space    used 6449K, committed 7040K, reserved 1048576K
}
Event: 48.587 GC heap before
{Heap before GC invocations=35 (full 3):
 PSYoungGen      total 23040K, used 22016K [0x00000000d5580000, 0x00000000d6e00000, 0x0000000100000000)
  eden space 22016K, 100% used [0x00000000d5580000,0x00000000d6b00000,0x00000000d6b00000)
  from space 1024K, 0% used [0x00000000d6c00000,0x00000000d6c00000,0x00000000d6d00000)
  to   space 512K, 0% used [0x00000000d6d80000,0x00000000d6d80000,0x00000000d6e00000)
 ParOldGen       total 68608K, used 48071K [0x0000000080000000, 0x0000000084300000, 0x00000000d5580000)
  object space 68608K, 70% used [0x0000000080000000,0x0000000082ef1d60,0x0000000084300000)
 Metaspace       used 59178K, committed 60544K, reserved 1114112K
  class space    used 6478K, committed 7040K, reserved 1048576K
}
Event: 48.590 GC heap after
{Heap after GC invocations=35 (full 3):
 PSYoungGen      total 22528K, used 497K [0x00000000d5580000, 0x00000000d6f00000, 0x0000000100000000)
  eden space 22016K, 0% used [0x00000000d5580000,0x00000000d5580000,0x00000000d6b00000)
  from space 512K, 97% used [0x00000000d6d80000,0x00000000d6dfc450,0x00000000d6e00000)
  to   space 2048K, 0% used [0x00000000d6b00000,0x00000000d6b00000,0x00000000d6d00000)
 ParOldGen       total 68608K, used 49063K [0x0000000080000000, 0x0000000084300000, 0x00000000d5580000)
  object space 68608K, 71% used [0x0000000080000000,0x0000000082fe9f68,0x0000000084300000)
 Metaspace       used 59178K, committed 60544K, reserved 1114112K
  class space    used 6478K, committed 7040K, reserved 1048576K
}
Event: 49.555 GC heap before
{Heap before GC invocations=36 (full 3):
 PSYoungGen      total 22528K, used 22513K [0x00000000d5580000, 0x00000000d6f00000, 0x0000000100000000)
  eden space 22016K, 100% used [0x00000000d5580000,0x00000000d6b00000,0x00000000d6b00000)
  from space 512K, 97% used [0x00000000d6d80000,0x00000000d6dfc450,0x00000000d6e00000)
  to   space 2048K, 0% used [0x00000000d6b00000,0x00000000d6b00000,0x00000000d6d00000)
 ParOldGen       total 68608K, used 49063K [0x0000000080000000, 0x0000000084300000, 0x00000000d5580000)
  object space 68608K, 71% used [0x0000000080000000,0x0000000082fe9f68,0x0000000084300000)
 Metaspace       used 60327K, committed 61696K, reserved 1114112K
  class space    used 6591K, committed 7168K, reserved 1048576K
}
Event: 49.557 GC heap after
{Heap after GC invocations=36 (full 3):
 PSYoungGen      total 24064K, used 384K [0x00000000d5580000, 0x00000000d6e00000, 0x0000000100000000)
  eden space 22016K, 0% used [0x00000000d5580000,0x00000000d5580000,0x00000000d6b00000)
  from space 2048K, 18% used [0x00000000d6b00000,0x00000000d6b60000,0x00000000d6d00000)
  to   space 1024K, 0% used [0x00000000d6d00000,0x00000000d6d00000,0x00000000d6e00000)
 ParOldGen       total 68608K, used 49167K [0x0000000080000000, 0x0000000084300000, 0x00000000d5580000)
  object space 68608K, 71% used [0x0000000080000000,0x0000000083003f68,0x0000000084300000)
 Metaspace       used 60327K, committed 61696K, reserved 1114112K
  class space    used 6591K, committed 7168K, reserved 1048576K
}
Event: 54.556 GC heap before
{Heap before GC invocations=37 (full 3):
 PSYoungGen      total 24064K, used 22400K [0x00000000d5580000, 0x00000000d6e00000, 0x0000000100000000)
  eden space 22016K, 100% used [0x00000000d5580000,0x00000000d6b00000,0x00000000d6b00000)
  from space 2048K, 18% used [0x00000000d6b00000,0x00000000d6b60000,0x00000000d6d00000)
  to   space 1024K, 0% used [0x00000000d6d00000,0x00000000d6d00000,0x00000000d6e00000)
 ParOldGen       total 68608K, used 49167K [0x0000000080000000, 0x0000000084300000, 0x00000000d5580000)
  object space 68608K, 71% used [0x0000000080000000,0x0000000083003f68,0x0000000084300000)
 Metaspace       used 62429K, committed 63808K, reserved 1114112K
  class space    used 6791K, committed 7360K, reserved 1048576K
}
Event: 54.560 GC heap after
{Heap after GC invocations=37 (full 3):
 PSYoungGen      total 23040K, used 1015K [0x00000000d5580000, 0x00000000d6e00000, 0x0000000100000000)
  eden space 22016K, 0% used [0x00000000d5580000,0x00000000d5580000,0x00000000d6b00000)
  from space 1024K, 99% used [0x00000000d6d00000,0x00000000d6dfdc28,0x00000000d6e00000)
  to   space 1536K, 0% used [0x00000000d6b00000,0x00000000d6b00000,0x00000000d6c80000)
 ParOldGen       total 68608K, used 49455K [0x0000000080000000, 0x0000000084300000, 0x00000000d5580000)
  object space 68608K, 72% used [0x0000000080000000,0x000000008304bf68,0x0000000084300000)
 Metaspace       used 62429K, committed 63808K, reserved 1114112K
  class space    used 6791K, committed 7360K, reserved 1048576K
}

Dll operation events (12 events):
Event: 0.045 Loaded shared library c:\Users\Dell\.vscode\extensions\redhat.java-1.52.0-win32-x64\jre\21.0.9-win32-x86_64\bin\java.dll
Event: 0.529 Loaded shared library c:\Users\Dell\.vscode\extensions\redhat.java-1.52.0-win32-x64\jre\21.0.9-win32-x86_64\bin\zip.dll
Event: 0.725 Loaded shared library C:\Users\Dell\.vscode\extensions\redhat.java-1.52.0-win32-x64\jre\21.0.9-win32-x86_64\bin\instrument.dll
Event: 0.747 Loaded shared library C:\Users\Dell\.vscode\extensions\redhat.java-1.52.0-win32-x64\jre\21.0.9-win32-x86_64\bin\net.dll
Event: 0.753 Loaded shared library C:\Users\Dell\.vscode\extensions\redhat.java-1.52.0-win32-x64\jre\21.0.9-win32-x86_64\bin\nio.dll
Event: 0.764 Loaded shared library C:\Users\Dell\.vscode\extensions\redhat.java-1.52.0-win32-x64\jre\21.0.9-win32-x86_64\bin\zip.dll
Event: 0.908 Loaded shared library C:\Users\Dell\.vscode\extensions\redhat.java-1.52.0-win32-x64\jre\21.0.9-win32-x86_64\bin\jimage.dll
Event: 1.248 Loaded shared library c:\Users\Dell\.vscode\extensions\redhat.java-1.52.0-win32-x64\jre\21.0.9-win32-x86_64\bin\verify.dll
Event: 7.391 Loaded shared library C:\Users\Dell\AppData\Roaming\Code\User\globalStorage\redhat.java\1.52.0\config_win\org.eclipse.equinox.launcher\org.eclipse.equinox.launcher.win32.win32.x86_64_1.2.1500.v20260121-1430\eclipse_11919.dll
Event: 12.900 Loaded shared library C:\Users\Dell\AppData\Local\Temp\jna-2126305\jna6641304000128964997.dll
Event: 25.433 Loaded shared library C:\Users\Dell\.vscode\extensions\redhat.java-1.52.0-win32-x64\jre\21.0.9-win32-x86_64\bin\sunmscapi.dll
Event: 26.313 Loaded shared library C:\Users\Dell\.vscode\extensions\redhat.java-1.52.0-win32-x64\jre\21.0.9-win32-x86_64\bin\extnet.dll

Deoptimization events (20 events):
Event: 55.031 Thread 0x00000203efa13d50 Uncommon trap: trap_request=0xffffffbe fr.pc=0x000002039d18cc2c relative=0x0000000000000dcc
Event: 55.031 Thread 0x00000203efa13d50 Uncommon trap: reason=profile_predicate action=maybe_recompile pc=0x000002039d18cc2c method=java.util.regex.Pattern$CharPropertyGreedy.match(Ljava/util/regex/Matcher;ILjava/lang/CharSequence;)Z @ 15 c2
Event: 55.031 Thread 0x00000203efa13d50 DEOPT PACKING pc=0x000002039d18cc2c sp=0x0000005d39ffce40
Event: 55.031 Thread 0x00000203efa13d50 DEOPT UNPACKING pc=0x000002039cb23aa2 sp=0x0000005d39ffcde0 mode 2
Event: 55.059 Thread 0x00000203efa13d50 Uncommon trap: trap_request=0xffffff45 fr.pc=0x000002039d0a8590 relative=0x00000000000004b0
Event: 55.059 Thread 0x00000203efa13d50 Uncommon trap: reason=unstable_if action=reinterpret pc=0x000002039d0a8590 method=java.lang.String.replace(CC)Ljava/lang/String; @ 2 c2
Event: 55.059 Thread 0x00000203efa13d50 DEOPT PACKING pc=0x000002039d0a8590 sp=0x0000005d39ffd6e0
Event: 55.059 Thread 0x00000203efa13d50 DEOPT UNPACKING pc=0x000002039cb23aa2 sp=0x0000005d39ffd690 mode 2
Event: 55.060 Thread 0x00000203efa13d50 Uncommon trap: trap_request=0xffffffc6 fr.pc=0x000002039d4c2ef8 relative=0x00000000000004f8
Event: 55.060 Thread 0x00000203efa13d50 Uncommon trap: reason=bimorphic_or_optimized_type_check action=maybe_recompile pc=0x000002039d4c2ef8 method=java.util.ArrayList.hashCodeRange(II)I @ 53 c2
Event: 55.060 Thread 0x00000203efa13d50 DEOPT PACKING pc=0x000002039d4c2ef8 sp=0x0000005d39ffd400
Event: 55.060 Thread 0x00000203efa13d50 DEOPT UNPACKING pc=0x000002039cb23aa2 sp=0x0000005d39ffd310 mode 2
Event: 55.060 Thread 0x00000203efa13d50 Uncommon trap: trap_request=0xffffffc6 fr.pc=0x000002039d4c2ef8 relative=0x00000000000004f8
Event: 55.060 Thread 0x00000203efa13d50 Uncommon trap: reason=bimorphic_or_optimized_type_check action=maybe_recompile pc=0x000002039d4c2ef8 method=java.util.ArrayList.hashCodeRange(II)I @ 53 c2
Event: 55.060 Thread 0x00000203efa13d50 DEOPT PACKING pc=0x000002039d4c2ef8 sp=0x0000005d39ffd280
Event: 55.060 Thread 0x00000203efa13d50 DEOPT UNPACKING pc=0x000002039cb23aa2 sp=0x0000005d39ffd198 mode 2
Event: 55.227 Thread 0x00000203efa13d50 Uncommon trap: trap_request=0xffffffbe fr.pc=0x000002039d18cc2c relative=0x0000000000000dcc
Event: 55.227 Thread 0x00000203efa13d50 Uncommon trap: reason=profile_predicate action=maybe_recompile pc=0x000002039d18cc2c method=java.util.regex.Pattern$CharPropertyGreedy.match(Ljava/util/regex/Matcher;ILjava/lang/CharSequence;)Z @ 15 c2
Event: 55.227 Thread 0x00000203efa13d50 DEOPT PACKING pc=0x000002039d18cc2c sp=0x0000005d39ffce40
Event: 55.227 Thread 0x00000203efa13d50 DEOPT UNPACKING pc=0x000002039cb23aa2 sp=0x0000005d39ffcde0 mode 2

Classes loaded (20 events):
Event: 47.131 Loading class java/util/Hashtable$ValueCollection
Event: 47.132 Loading class java/util/Hashtable$ValueCollection done
Event: 47.449 Loading class java/nio/charset/CharacterCodingException
Event: 47.449 Loading class java/nio/charset/CharacterCodingException done
Event: 47.449 Loading class java/io/SequenceInputStream
Event: 47.449 Loading class java/io/SequenceInputStream done
Event: 47.789 Loading class java/util/WeakHashMap$KeyIterator
Event: 47.790 Loading class java/util/WeakHashMap$KeyIterator done
Event: 49.516 Loading class java/util/stream/ReferencePipeline$4
Event: 49.517 Loading class java/util/stream/ReferencePipeline$4 done
Event: 49.529 Loading class java/util/stream/Nodes$IntFixedNodeBuilder
Event: 49.529 Loading class java/util/stream/Node$Builder$OfInt
Event: 49.529 Loading class java/util/stream/Node$Builder$OfInt done
Event: 49.529 Loading class java/util/stream/Nodes$IntArrayNode
Event: 49.530 Loading class java/util/stream/Nodes$IntArrayNode done
Event: 49.530 Loading class java/util/stream/Nodes$IntFixedNodeBuilder done
Event: 49.530 Loading class java/util/stream/ReferencePipeline$4$1
Event: 49.531 Loading class java/util/stream/ReferencePipeline$4$1 done
Event: 53.296 Loading class java/util/Hashtable$KeySet
Event: 53.296 Loading class java/util/Hashtable$KeySet done

Classes unloaded (7 events):
Event: 16.138 Thread 0x000002039226e5b0 Unloading class 0x00000203aa1a4800 'java/lang/invoke/LambdaForm$MH+0x00000203aa1a4800'
Event: 16.138 Thread 0x000002039226e5b0 Unloading class 0x00000203aa1a4400 'java/lang/invoke/LambdaForm$MH+0x00000203aa1a4400'
Event: 16.138 Thread 0x000002039226e5b0 Unloading class 0x00000203aa1a4000 'java/lang/invoke/LambdaForm$MH+0x00000203aa1a4000'
Event: 16.138 Thread 0x000002039226e5b0 Unloading class 0x00000203aa1a3c00 'java/lang/invoke/LambdaForm$MH+0x00000203aa1a3c00'
Event: 16.138 Thread 0x000002039226e5b0 Unloading class 0x00000203aa1a3800 'java/lang/invoke/LambdaForm$BMH+0x00000203aa1a3800'
Event: 16.138 Thread 0x000002039226e5b0 Unloading class 0x00000203aa1a3400 'java/lang/invoke/LambdaForm$DMH+0x00000203aa1a3400'
Event: 16.138 Thread 0x000002039226e5b0 Unloading class 0x00000203aa1a2000 'java/lang/invoke/LambdaForm$DMH+0x00000203aa1a2000'

Classes redefined (0 events):
No events

Internal exceptions (20 events):
Event: 50.598 Thread 0x00000203f200a060 Exception <a 'sun/nio/fs/WindowsException'{0x00000000d5705b60}> (0x00000000d5705b60) 
thrown [s\src\hotspot\share\prims\jni.cpp, line 520]
Event: 50.598 Thread 0x00000203f200a060 Exception <a 'sun/nio/fs/WindowsException'{0x00000000d5706190}> (0x00000000d5706190) 
thrown [s\src\hotspot\share\prims\jni.cpp, line 520]
Event: 50.600 Thread 0x00000203f200a060 Exception <a 'sun/nio/fs/WindowsException'{0x00000000d57091f8}> (0x00000000d57091f8) 
thrown [s\src\hotspot\share\prims\jni.cpp, line 520]
Event: 50.600 Thread 0x00000203f200a060 Exception <a 'sun/nio/fs/WindowsException'{0x00000000d5709828}> (0x00000000d5709828) 
thrown [s\src\hotspot\share\prims\jni.cpp, line 520]
Event: 52.090 Thread 0x00000203f200a060 Exception <a 'java/lang/IncompatibleClassChangeError'{0x00000000d598e2c8}: Found class java.lang.Object, but interface was expected> (0x00000000d598e2c8) 
thrown [s\src\hotspot\share\interpreter\linkResolver.cpp, line 840]
Event: 52.679 Thread 0x00000203f200a060 Exception <a 'java/lang/IncompatibleClassChangeError'{0x00000000d59c04c8}: Found class java.lang.Object, but interface was expected> (0x00000000d59c04c8) 
thrown [s\src\hotspot\share\interpreter\linkResolver.cpp, line 840]
Event: 53.298 Thread 0x00000203efa13d50 Exception <a 'java/io/FileNotFoundException'{0x00000000d5c01da0}> (0x00000000d5c01da0) 
thrown [s\src\hotspot\share\prims\jni.cpp, line 520]
Event: 53.298 Thread 0x00000203efa13d50 Exception <a 'java/io/FileNotFoundException'{0x00000000d5c03048}> (0x00000000d5c03048) 
thrown [s\src\hotspot\share\prims\jni.cpp, line 520]
Event: 53.299 Thread 0x00000203efa13d50 Exception <a 'java/io/FileNotFoundException'{0x00000000d5c04050}> (0x00000000d5c04050) 
thrown [s\src\hotspot\share\prims\jni.cpp, line 520]
Event: 53.361 Thread 0x00000203f200b410 Implicit null exception at 0x000002039d364c04 to 0x000002039d36592c
Event: 53.643 Thread 0x00000203efa13d50 Exception <a 'sun/nio/fs/WindowsException'{0x00000000d6137b28}> (0x00000000d6137b28) 
thrown [s\src\hotspot\share\prims\jni.cpp, line 520]
Event: 53.643 Thread 0x00000203efa13d50 Exception <a 'sun/nio/fs/WindowsException'{0x00000000d6138158}> (0x00000000d6138158) 
thrown [s\src\hotspot\share\prims\jni.cpp, line 520]
Event: 53.644 Thread 0x00000203efa13d50 Exception <a 'sun/nio/fs/WindowsException'{0x00000000d6138eb0}> (0x00000000d6138eb0) 
thrown [s\src\hotspot\share\prims\jni.cpp, line 520]
Event: 53.644 Thread 0x00000203efa13d50 Exception <a 'sun/nio/fs/WindowsException'{0x00000000d61394e0}> (0x00000000d61394e0) 
thrown [s\src\hotspot\share\prims\jni.cpp, line 520]
Event: 53.752 Thread 0x00000203efa13d50 Exception <a 'java/io/FileNotFoundException'{0x00000000d61a0470}> (0x00000000d61a0470) 
thrown [s\src\hotspot\share\prims\jni.cpp, line 520]
Event: 53.752 Thread 0x00000203efa13d50 Exception <a 'java/io/FileNotFoundException'{0x00000000d61a11e0}> (0x00000000d61a11e0) 
thrown [s\src\hotspot\share\prims\jni.cpp, line 520]
Event: 53.763 Thread 0x00000203efa13d50 Exception <a 'sun/nio/fs/WindowsException'{0x00000000d61dea30}> (0x00000000d61dea30) 
thrown [s\src\hotspot\share\prims\jni.cpp, line 520]
Event: 53.763 Thread 0x00000203efa13d50 Exception <a 'sun/nio/fs/WindowsException'{0x00000000d61df060}> (0x00000000d61df060) 
thrown [s\src\hotspot\share\prims\jni.cpp, line 520]
Event: 53.817 Thread 0x00000203f200a060 Exception <a 'java/lang/IncompatibleClassChangeError'{0x00000000d5ab2c20}: Found class java.lang.Object, but interface was expected> (0x00000000d5ab2c20) 
thrown [s\src\hotspot\share\interpreter\linkResolver.cpp, line 840]
Event: 54.776 Thread 0x00000203f200a060 Exception <a 'java/lang/IncompatibleClassChangeError'{0x00000000d55a90b0}: Found class java.lang.Object, but interface was expected> (0x00000000d55a90b0) 
thrown [s\src\hotspot\share\interpreter\linkResolver.cpp, line 840]

ZGC Phase Switch (0 events):
No events

VM Operations (20 events):
Event: 47.341 Executing VM operation: ParallelGCFailedAllocation (Allocation Failure)
Event: 47.344 Executing VM operation: ParallelGCFailedAllocation (Allocation Failure) done
Event: 47.510 Executing VM operation: CollectForMetadataAllocation (Metadata GC Threshold)
Event: 47.772 Executing VM operation: CollectForMetadataAllocation (Metadata GC Threshold) done
Event: 48.587 Executing VM operation: ParallelGCFailedAllocation (Allocation Failure)
Event: 48.590 Executing VM operation: ParallelGCFailedAllocation (Allocation Failure) done
Event: 49.503 Executing VM operation: HandshakeAllThreads (Deoptimize)
Event: 49.503 Executing VM operation: HandshakeAllThreads (Deoptimize) done
Event: 49.555 Executing VM operation: ParallelGCFailedAllocation (Allocation Failure)
Event: 49.557 Executing VM operation: ParallelGCFailedAllocation (Allocation Failure) done
Event: 50.560 Executing VM operation: Cleanup
Event: 50.560 Executing VM operation: Cleanup done
Event: 51.560 Executing VM operation: Cleanup
Event: 51.561 Executing VM operation: Cleanup done
Event: 52.561 Executing VM operation: Cleanup
Event: 52.561 Executing VM operation: Cleanup done
Event: 53.564 Executing VM operation: Cleanup
Event: 53.566 Executing VM operation: Cleanup done
Event: 54.556 Executing VM operation: ParallelGCFailedAllocation (Allocation Failure)
Event: 54.560 Executing VM operation: ParallelGCFailedAllocation (Allocation Failure) done

Memory protections (0 events):
No events

Nmethod flushes (20 events):
Event: 47.598 Thread 0x000002039226e5b0 flushing osr nmethod 0x0000020395eb7d10
Event: 47.598 Thread 0x000002039226e5b0 flushing  nmethod 0x0000020395ec6b10
Event: 47.598 Thread 0x000002039226e5b0 flushing  nmethod 0x0000020395ec7b90
Event: 47.598 Thread 0x000002039226e5b0 flushing  nmethod 0x0000020395ec8a90
Event: 47.598 Thread 0x000002039226e5b0 flushing osr nmethod 0x0000020395ece710
Event: 47.598 Thread 0x000002039226e5b0 flushing  nmethod 0x0000020395eee310
Event: 47.598 Thread 0x000002039226e5b0 flushing  nmethod 0x0000020395ef0d90
Event: 47.598 Thread 0x000002039226e5b0 flushing  nmethod 0x0000020395ef3490
Event: 47.598 Thread 0x000002039226e5b0 flushing  nmethod 0x0000020395f02010
Event: 47.598 Thread 0x000002039226e5b0 flushing  nmethod 0x0000020395f08310
Event: 47.598 Thread 0x000002039226e5b0 flushing  nmethod 0x0000020395f3a910
Event: 47.598 Thread 0x000002039226e5b0 flushing  nmethod 0x0000020395f76910
Event: 47.598 Thread 0x000002039226e5b0 flushing  nmethod 0x0000020395f8b490
Event: 47.598 Thread 0x000002039226e5b0 flushing  nmethod 0x0000020395fcc990
Event: 47.598 Thread 0x000002039226e5b0 flushing  nmethod 0x0000020395fcce10
Event: 47.598 Thread 0x000002039226e5b0 flushing  nmethod 0x0000020395fcd390
Event: 47.598 Thread 0x000002039226e5b0 flushing  nmethod 0x0000020395fcd910
Event: 47.598 Thread 0x000002039226e5b0 flushing  nmethod 0x0000020395fcde10
Event: 47.598 Thread 0x000002039226e5b0 flushing  nmethod 0x0000020395fcf010
Event: 47.598 Thread 0x000002039226e5b0 flushing  nmethod 0x0000020395fcf510

Events (20 events):
Event: 27.914 Thread 0x00000203922fa530 Thread added: 0x00000203f2916fd0
Event: 29.221 Thread 0x00000203f2916fd0 Thread exited: 0x00000203f2916fd0
Event: 29.326 Thread 0x00000203922fa530 Thread added: 0x00000203f2916fd0
Event: 29.644 Thread 0x00000203efa143e0 Thread added: 0x00000203f200b410
Event: 29.646 Thread 0x00000203efa143e0 Thread added: 0x00000203f200a6f0
Event: 29.771 Thread 0x00000203f200b410 Thread added: 0x00000203ef125f40
Event: 30.217 Thread 0x00000203efa13d50 Thread added: 0x00000203ef1272f0
Event: 30.258 Thread 0x00000203ef1272f0 Thread exited: 0x00000203ef1272f0
Event: 30.495 Thread 0x00000203efa13d50 Thread added: 0x00000203ef1272f0
Event: 32.982 Thread 0x00000203f2916fd0 Thread exited: 0x00000203f2916fd0
Event: 33.783 Thread 0x00000203922fa530 Thread added: 0x00000203f1094910
Event: 37.275 Thread 0x00000203f1094910 Thread exited: 0x00000203f1094910
Event: 41.650 Thread 0x0000020392283150 Thread added: 0x00000203eac9f780
Event: 42.196 Thread 0x00000203eac9f780 Thread exited: 0x00000203eac9f780
Event: 45.520 Thread 0x00000203ef1272f0 Thread exited: 0x00000203ef1272f0
Event: 48.102 Thread 0x00000203922fa530 Thread added: 0x00000203f100cfc0
Event: 50.715 Thread 0x00000203f100cfc0 Thread exited: 0x00000203f100cfc0
Event: 53.229 Thread 0x00000203efa143e0 Thread added: 0x00000203ef127980
Event: 54.087 Thread 0x00000203922fa530 Thread added: 0x00000203f100cfc0
Event: 54.238 Thread 0x00000203f100cfc0 Thread exited: 0x00000203f100cfc0


Dynamic libraries:
0x00007ff60b190000 - 0x00007ff60b19e000 	c:\Users\Dell\.vscode\extensions\redhat.java-1.52.0-win32-x64\jre\21.0.9-win32-x86_64\bin\java.exe
0x00007ffb42030000 - 0x00007ffb42228000 	C:\Windows\SYSTEM32\ntdll.dll
0x00007ffb41330000 - 0x00007ffb413f2000 	C:\Windows\System32\KERNEL32.DLL
0x00007ffb3fc30000 - 0x00007ffb3ff26000 	C:\Windows\System32\KERNELBASE.dll
0x00007ffb3fab0000 - 0x00007ffb3fbb0000 	C:\Windows\System32\ucrtbase.dll
0x00007ffb30d90000 - 0x00007ffb30da8000 	c:\Users\Dell\.vscode\extensions\redhat.java-1.52.0-win32-x64\jre\21.0.9-win32-x86_64\bin\jli.dll
0x00007ffb403f0000 - 0x00007ffb40591000 	C:\Windows\System32\USER32.dll
0x00007ffb3fc00000 - 0x00007ffb3fc22000 	C:\Windows\System32\win32u.dll
0x00007ffb40d80000 - 0x00007ffb40dab000 	C:\Windows\System32\GDI32.dll
0x00007ffb3f6f0000 - 0x00007ffb3f809000 	C:\Windows\System32\gdi32full.dll
0x00007ffb3ffb0000 - 0x00007ffb4004d000 	C:\Windows\System32\msvcp_win.dll
0x00007ffb304e0000 - 0x00007ffb304fe000 	c:\Users\Dell\.vscode\extensions\redhat.java-1.52.0-win32-x64\jre\21.0.9-win32-x86_64\bin\VCRUNTIME140.dll
0x00007ffb2f8d0000 - 0x00007ffb2fb6b000 	C:\Windows\WinSxS\amd64_microsoft.windows.common-controls_6595b64144ccf1df_6.0.19041.6456_none_60b8a6cb71f64256\COMCTL32.dll
0x00007ffb41200000 - 0x00007ffb4129e000 	C:\Windows\System32\msvcrt.dll
0x00007ffb411d0000 - 0x00007ffb411ff000 	C:\Windows\System32\IMM32.DLL
0x00007ffb394e0000 - 0x00007ffb394ec000 	c:\Users\Dell\.vscode\extensions\redhat.java-1.52.0-win32-x64\jre\21.0.9-win32-x86_64\bin\vcruntime140_1.dll
0x00007ffafad90000 - 0x00007ffafae1d000 	c:\Users\Dell\.vscode\extensions\redhat.java-1.52.0-win32-x64\jre\21.0.9-win32-x86_64\bin\msvcp140.dll
0x00007ffae7cc0000 - 0x00007ffae8a60000 	c:\Users\Dell\.vscode\extensions\redhat.java-1.52.0-win32-x64\jre\21.0.9-win32-x86_64\bin\server\jvm.dll
0x00007ffb402d0000 - 0x00007ffb40381000 	C:\Windows\System32\ADVAPI32.dll
0x00007ffb40230000 - 0x00007ffb402cf000 	C:\Windows\System32\sechost.dll
0x00007ffb410b0000 - 0x00007ffb411d0000 	C:\Windows\System32\RPCRT4.dll
0x00007ffb3f6c0000 - 0x00007ffb3f6e7000 	C:\Windows\System32\bcrypt.dll
0x00007ffb412a0000 - 0x00007ffb4130b000 	C:\Windows\System32\WS2_32.dll
0x00007ffb3ec00000 - 0x00007ffb3ec4b000 	C:\Windows\SYSTEM32\POWRPROF.dll
0x00007ffb2d3c0000 - 0x00007ffb2d3e7000 	C:\Windows\SYSTEM32\WINMM.dll
0x00007ffb30d50000 - 0x00007ffb30d5a000 	C:\Windows\SYSTEM32\VERSION.dll
0x00007ffb3eac0000 - 0x00007ffb3ead2000 	C:\Windows\SYSTEM32\UMPDC.dll
0x00007ffb3d530000 - 0x00007ffb3d542000 	C:\Windows\SYSTEM32\kernel.appcore.dll
0x00007ffb3afd0000 - 0x00007ffb3afda000 	c:\Users\Dell\.vscode\extensions\redhat.java-1.52.0-win32-x64\jre\21.0.9-win32-x86_64\bin\jimage.dll
0x00007ffb2d180000 - 0x00007ffb2d381000 	C:\Windows\SYSTEM32\DBGHELP.DLL
0x00007ffb2b510000 - 0x00007ffb2b544000 	C:\Windows\SYSTEM32\dbgcore.DLL
0x00007ffb3f8c0000 - 0x00007ffb3f942000 	C:\Windows\System32\bcryptPrimitives.dll
0x00007ffb3afc0000 - 0x00007ffb3afcf000 	c:\Users\Dell\.vscode\extensions\redhat.java-1.52.0-win32-x64\jre\21.0.9-win32-x86_64\bin\instrument.dll
0x00007ffb303e0000 - 0x00007ffb30400000 	c:\Users\Dell\.vscode\extensions\redhat.java-1.52.0-win32-x64\jre\21.0.9-win32-x86_64\bin\java.dll
0x00007ffb41400000 - 0x00007ffb41b70000 	C:\Windows\System32\SHELL32.dll
0x00007ffb3d730000 - 0x00007ffb3ded5000 	C:\Windows\SYSTEM32\windows.storage.dll
0x00007ffb40800000 - 0x00007ffb40b54000 	C:\Windows\System32\combase.dll
0x00007ffb3f0f0000 - 0x00007ffb3f11b000 	C:\Windows\SYSTEM32\Wldp.dll
0x00007ffb40160000 - 0x00007ffb4022d000 	C:\Windows\System32\OLEAUT32.dll
0x00007ffb40050000 - 0x00007ffb400fd000 	C:\Windows\System32\SHCORE.dll
0x00007ffb40100000 - 0x00007ffb4015b000 	C:\Windows\System32\shlwapi.dll
0x00007ffb3f5f0000 - 0x00007ffb3f614000 	C:\Windows\SYSTEM32\profapi.dll
0x00007ffb2e150000 - 0x00007ffb2e168000 	c:\Users\Dell\.vscode\extensions\redhat.java-1.52.0-win32-x64\jre\21.0.9-win32-x86_64\bin\zip.dll
0x00007ffb2f5d0000 - 0x00007ffb2f5e0000 	C:\Users\Dell\.vscode\extensions\redhat.java-1.52.0-win32-x64\jre\21.0.9-win32-x86_64\bin\net.dll
0x00007ffb36f00000 - 0x00007ffb3700a000 	C:\Windows\SYSTEM32\WINHTTP.dll
0x00007ffb3ee50000 - 0x00007ffb3eeba000 	C:\Windows\system32\mswsock.dll
0x00007ffb1b480000 - 0x00007ffb1b496000 	C:\Users\Dell\.vscode\extensions\redhat.java-1.52.0-win32-x64\jre\21.0.9-win32-x86_64\bin\nio.dll
0x00007ffb2f1e0000 - 0x00007ffb2f1f0000 	c:\Users\Dell\.vscode\extensions\redhat.java-1.52.0-win32-x64\jre\21.0.9-win32-x86_64\bin\verify.dll
0x00007ffb089a0000 - 0x00007ffb089e5000 	C:\Users\Dell\AppData\Roaming\Code\User\globalStorage\redhat.java\1.52.0\config_win\org.eclipse.equinox.launcher\org.eclipse.equinox.launcher.win32.win32.x86_64_1.2.1500.v20260121-1430\eclipse_11919.dll
0x00007ffb40e40000 - 0x00007ffb40f6b000 	C:\Windows\System32\ole32.dll
0x00007ffb3f050000 - 0x00007ffb3f068000 	C:\Windows\SYSTEM32\CRYPTSP.dll
0x00007ffb3e700000 - 0x00007ffb3e738000 	C:\Windows\system32\rsaenh.dll
0x00007ffb3f5b0000 - 0x00007ffb3f5de000 	C:\Windows\SYSTEM32\USERENV.dll
0x00007ffb3f040000 - 0x00007ffb3f04c000 	C:\Windows\SYSTEM32\CRYPTBASE.dll
0x00007ffb3eae0000 - 0x00007ffb3eb1b000 	C:\Windows\SYSTEM32\IPHLPAPI.DLL
0x00007ffb40e30000 - 0x00007ffb40e38000 	C:\Windows\System32\NSI.dll
0x00007ffb08bf0000 - 0x00007ffb08c39000 	C:\Users\Dell\AppData\Local\Temp\jna-2126305\jna6641304000128964997.dll
0x00007ffb41b70000 - 0x00007ffb41b78000 	C:\Windows\System32\PSAPI.DLL
0x00007ffb380b0000 - 0x00007ffb380c7000 	C:\Windows\SYSTEM32\dhcpcsvc6.DLL
0x00007ffb38bd0000 - 0x00007ffb38bed000 	C:\Windows\SYSTEM32\dhcpcsvc.DLL
0x00007ffb2e680000 - 0x00007ffb2e68e000 	C:\Users\Dell\.vscode\extensions\redhat.java-1.52.0-win32-x64\jre\21.0.9-win32-x86_64\bin\sunmscapi.dll
0x00007ffb3f950000 - 0x00007ffb3faad000 	C:\Windows\System32\CRYPT32.dll
0x00007ffb3f160000 - 0x00007ffb3f187000 	C:\Windows\SYSTEM32\ncrypt.dll
0x00007ffb3f120000 - 0x00007ffb3f15b000 	C:\Windows\SYSTEM32\NTASN1.dll
0x00007ffb3eb30000 - 0x00007ffb3ebfa000 	C:\Windows\SYSTEM32\DNSAPI.dll
0x00007ffb2f7e0000 - 0x00007ffb2f7ea000 	C:\Windows\System32\rasadhlp.dll
0x00007ffb2fc50000 - 0x00007ffb2fcd0000 	C:\Windows\System32\fwpuclnt.dll
0x00007ffb2e5b0000 - 0x00007ffb2e5b9000 	C:\Users\Dell\.vscode\extensions\redhat.java-1.52.0-win32-x64\jre\21.0.9-win32-x86_64\bin\extnet.dll

JVMTI agents:
c:\Users\Dell\.vscode\extensions\redhat.java-1.52.0-win32-x64\lombok\lombok-1.18.39-4050.jar path:c:\Users\Dell\.vscode\extensions\redhat.java-1.52.0-win32-x64\jre\21.0.9-win32-x86_64\bin\instrument.dll, loaded, initialized, instrumentlib options:none

dbghelp: loaded successfully - version: 4.0.5 - missing functions: none
symbol engine: initialized successfully - sym options: 0x614 - pdb path: .;c:\Users\Dell\.vscode\extensions\redhat.java-1.52.0-win32-x64\jre\21.0.9-win32-x86_64\bin;C:\Windows\SYSTEM32;C:\Windows\WinSxS\amd64_microsoft.windows.common-controls_6595b64144ccf1df_6.0.19041.6456_none_60b8a6cb71f64256;c:\Users\Dell\.vscode\extensions\redhat.java-1.52.0-win32-x64\jre\21.0.9-win32-x86_64\bin\server;C:\Users\Dell\AppData\Roaming\Code\User\globalStorage\redhat.java\1.52.0\config_win\org.eclipse.equinox.launcher\org.eclipse.equinox.launcher.win32.win32.x86_64_1.2.1500.v20260121-1430;C:\Users\Dell\AppData\Local\Temp\jna-2126305

VM Arguments:
jvm_args: --add-modules=ALL-SYSTEM --add-opens=java.base/java.util=ALL-UNNAMED --add-opens=java.base/java.lang=ALL-UNNAMED --add-opens=java.base/sun.nio.fs=ALL-UNNAMED -Declipse.application=org.eclipse.jdt.ls.core.id1 -Dosgi.bundles.defaultStartLevel=4 -Declipse.product=org.eclipse.jdt.ls.core.product -Djava.import.generatesMetadataFilesAtProjectRoot=false -DDetectVMInstallationsJob.disabled=true -Dfile.encoding=utf8 -XX:+UseParallelGC -XX:GCTimeRatio=4 -XX:AdaptiveSizePolicyWeight=90 -Dsun.zip.disableMemoryMapping=true -Xmx2G -Xms100m -Xlog:disable -javaagent:c:\Users\Dell\.vscode\extensions\redhat.java-1.52.0-win32-x64\lombok\lombok-1.18.39-4050.jar -XX:+HeapDumpOnOutOfMemoryError -XX:HeapDumpPath=c:\Users\Dell\AppData\Roaming\Code\User\workspaceStorage\c98900c0ddc07eeb5bd412d356d0e836\redhat.java -Daether.dependencyCollector.impl=bf 
java_command: c:\Users\Dell\.vscode\extensions\redhat.java-1.52.0-win32-x64\server\plugins\org.eclipse.equinox.launcher_1.7.100.v20251111-0406.jar -configuration c:\Users\Dell\AppData\Roaming\Code\User\globalStorage\redhat.java\1.52.0\config_win -data c:\Users\Dell\AppData\Roaming\Code\User\workspaceStorage\c98900c0ddc07eeb5bd412d356d0e836\redhat.java\jdt_ws --pipe=\\.\pipe\lsp-5a27d4d250662adb9e8a9fdef32ac400-sock
java_class_path (initial): c:\Users\Dell\.vscode\extensions\redhat.java-1.52.0-win32-x64\server\plugins\org.eclipse.equinox.launcher_1.7.100.v20251111-0406.jar
Launcher Type: SUN_STANDARD

[Global flags]
    uintx AdaptiveSizePolicyWeight                 = 90                                        {product} {command line}
     intx CICompilerCount                          = 3                                         {product} {ergonomic}
    uintx GCTimeRatio                              = 4                                         {product} {command line}
     bool HeapDumpOnOutOfMemoryError               = true                                   {manageable} {command line}
    ccstr HeapDumpPath                             = c:\Users\Dell\AppData\Roaming\Code\User\workspaceStorage\c98900c0ddc07eeb5bd412d356d0e836\redhat.java         {manageable} {command line}
   size_t InitialHeapSize                          = 104857600                                 {product} {command line}
   size_t MaxHeapSize                              = 2147483648                                {product} {command line}
   size_t MaxNewSize                               = 715653120                                 {product} {ergonomic}
   size_t MinHeapDeltaBytes                        = 524288                                    {product} {ergonomic}
   size_t MinHeapSize                              = 104857600                                 {product} {command line}
   size_t NewSize                                  = 34603008                                  {product} {ergonomic}
    uintx NonNMethodCodeHeapSize                   = 5832780                                {pd product} {ergonomic}
    uintx NonProfiledCodeHeapSize                  = 122912730                              {pd product} {ergonomic}
   size_t OldSize                                  = 70254592                                  {product} {ergonomic}
    uintx ProfiledCodeHeapSize                     = 122912730                              {pd product} {ergonomic}
    uintx ReservedCodeCacheSize                    = 251658240                              {pd product} {ergonomic}
     bool SegmentedCodeCache                       = true                                      {product} {ergonomic}
   size_t SoftMaxHeapSize                          = 2147483648                             {manageable} {ergonomic}
     bool UseCompressedOops                        = true                           {product lp64_product} {ergonomic}
     bool UseLargePagesIndividualAllocation        = false                                  {pd product} {ergonomic}
     bool UseParallelGC                            = true                                      {product} {command line}

Logging:
Log output configuration:
 #0: stdout all=off uptime,level,tags foldmultilines=false
 #1: stderr all=off uptime,level,tags foldmultilines=false

Release file:
JAVA_VERSION="21.0.9" 
MODULES="java.base java.compiler java.datatransfer java.xml java.prefs java.desktop java.instrument java.logging java.management java.security.sasl java.naming java.rmi java.management.rmi java.net.http java.scripting java.security.jgss java.transaction.xa java.sql java.sql.rowset java.xml.crypto java.se java.smartcardio jdk.accessibility jdk.internal.jvmstat jdk.attach jdk.charsets jdk.internal.opt jdk.zipfs jdk.compiler jdk.crypto.ec jdk.crypto.cryptoki jdk.crypto.mscapi jdk.dynalink jdk.internal.ed jdk.editpad jdk.hotspot.agent jdk.httpserver jdk.internal.le jdk.internal.vm.ci jdk.internal.vm.compiler jdk.internal.vm.compiler.management jdk.jartool jdk.javadoc jdk.jcmd jdk.management jdk.management.agent jdk.jconsole jdk.jdeps jdk.jdwp.agent jdk.jdi jdk.jfr jdk.jshell jdk.jsobject jdk.jstatd jdk.localedata jdk.management.jfr jdk.naming.dns jdk.naming.rmi jdk.net jdk.nio.mapmode jdk.random jdk.sctp jdk.security.auth jdk.security.jgss jdk.unsupported jdk.unsupported.desktop jdk.xml.dom" 

Environment Variables:
JAVA_HOME=C:\Program Files\Java\jdk-21
PATH=C:\Python314\Scripts\;C:\Python314\;C:\Program Files\Common Files\Oracle\Java\javapath;C:\Windows\system32;C:\Windows;C:\Windows\System32\Wbem;C:\Windows\System32\WindowsPowerShell\v1.0\;C:\Windows\System32\OpenSSH\;C:\Program Files\dotnet\;C:\Program Files\Git\cmd;C:\Program Files\GitHub CLI\;C:\Program Files\nodejs\;C:\ProgramData\chocolatey\bin;C:\Program Files\PostgreSQL\16\bin;C:\Program Files\Java\jdk-21\bin;C:\Program Files\apache-maven-3.9.12\bin;C:\Program Files\MySQL\MySQL Shell 8.0\bin\;C:\Users\Dell\AppData\Local\Programs\Python\Python313\Scripts\;C:\Users\Dell\AppData\Local\Programs\Python\Python313\;C:\Users\Dell\AppData\Local\Programs\Python\Launcher\;C:\Users\Dell\AppData\Local\Microsoft\WindowsApps;C:\Users\Dell\AppData\Local\GitHubDesktop\bin;C:\Users\Dell\AppData\Local\Programs\Microsoft VS Code\bin;C:\Users\Dell\AppData\Roaming\npm
USERNAME=Dell
OS=Windows_NT
PROCESSOR_IDENTIFIER=Intel64 Family 6 Model 69 Stepping 1, GenuineIntel
TMP=C:\Users\Dell\AppData\Local\Temp
TEMP=C:\Users\Dell\AppData\Local\Temp




Periodic native trim disabled

---------------  S Y S T E M  ---------------

OS:
 Windows 10 , 64 bit Build 19041 (10.0.19041.5915)
OS uptime: 5 days 14:52 hours

CPU: total 4 (initial active 4) (2 cores per cpu, 2 threads per core) family 6 model 69 stepping 1 microcode 0x25, cx8, cmov, fxsr, ht, mmx, sse, sse2, sse3, ssse3, sse4.1, sse4.2, popcnt, lzcnt, tsc, tscinvbit, avx, avx2, aes, erms, clmul, bmi1, bmi2, fma, vzeroupper, clflush, rdtscp, f16c
Processor Information for the first 4 processors :
  Max Mhz: 1700, Current Mhz: 1700, Mhz Limit: 1700

Memory: 4k page, system-wide physical 8096M (411M free)
TotalPageFile size 10144M (AvailPageFile size 0M)
current process WorkingSet (physical memory assigned to process): 259M, peak: 281M
current process commit charge ("private bytes"): 338M, peak: 357M

vm_info: OpenJDK 64-Bit Server VM (21.0.9+10-LTS) for windows-amd64 JRE (21.0.9+10-LTS), built on 2025-10-21T00:00:00Z by "admin" with unknown MS VC++:1942

END.
